16:52:40 : DEBUG | Received self id : 599b44d3f2
16:52:40 : DEBUG | Spawning player with id : 5febfbcb9f
16:52:40 : DEBUG | In component 'PlayerManager': Ref named 'manager': has missing value or not found
16:52:40 : DEBUG | In component 'PlayerManager': Ref named 'networker': has missing value or not found
16:52:40 : DEBUG | In component 'PlayerManager': Ref named 'Score': has missing value or not found
16:52:40 : DEBUG | In component 'PlayerManager': Ref named 'Lifes': has missing value or not found
16:52:40 : DEBUG | In component 'PlayerAnimator': Ref named 'Weapon': has missing value or not found
16:52:40 : DEBUG | Spawning player with id : 5febfbcb9f
16:52:40 : DEBUG | In component 'PlayerManager': Ref named 'manager': has missing value or not found
16:52:40 : DEBUG | In component 'PlayerManager': Ref named 'networker': has missing value or not found
16:52:40 : DEBUG | In component 'PlayerManager': Ref named 'Score': has missing value or not found
16:52:40 : DEBUG | In component 'PlayerManager': Ref named 'Lifes': has missing value or not found
16:52:40 : DEBUG | In component 'PlayerAnimator': Ref named 'Weapon': has missing value or not found
16:52:40 : DEBUG | Spawning player with id : 599b44d3f2 which is self
16:52:40 : DEBUG | In component 'PlayerShooterIM': Ref named 'gameManager': has missing value or not found
16:52:40 : DEBUG | In component 'PlayerManager': Ref named 'manager': has missing value or not found
16:52:40 : DEBUG | In component 'PlayerManager': Ref named 'networker': has missing value or not found
16:52:40 : DEBUG | In component 'PlayerManager': Ref named 'Score': has missing value or not found
16:52:40 : DEBUG | In component 'PlayerManager': Ref named 'Lifes': has missing value or not found
16:52:40 : DEBUG | In component 'PlayerAnimator': Ref named 'Engine': has missing value or not found
16:52:40 : DEBUG | In component 'PlayerAnimator': Ref named 'Weapon': has missing value or not found
16:52:40 : DEBUG | In component 'PlayerMoverIM': Ref named 'gameManager': has missing value or not found
16:52:40 : DEBUG | Spawning player with id : 599b44d3f2 which is self
16:52:40 : DEBUG | In component 'PlayerShooterIM': Ref named 'gameManager': has missing value or not found
16:52:40 : DEBUG | In component 'PlayerManager': Ref named 'manager': has missing value or not found
16:52:40 : DEBUG | In component 'PlayerManager': Ref named 'networker': has missing value or not found
16:52:40 : DEBUG | In component 'PlayerManager': Ref named 'Score': has missing value or not found
16:52:40 : DEBUG | In component 'PlayerManager': Ref named 'Lifes': has missing value or not found
16:52:40 : DEBUG | In component 'PlayerAnimator': Ref named 'Engine': has missing value or not found
16:52:40 : DEBUG | In component 'PlayerAnimator': Ref named 'Weapon': has missing value or not found
16:52:40 : DEBUG | In component 'PlayerMoverIM': Ref named 'gameManager': has missing value or not found
16:52:40 : MAJOR | No animation to start
16:52:40 : MAJOR | No animation to start
16:52:42 : MAJOR | [Polymorph Engine] Object reference not set to an instance: this maybe occurs because you need to set a reference in configuration or in interface.
16:52:42 : MAJOR | [Polymorph Engine] Object reference not set to an instance: this maybe occurs because you need to set a reference in configuration or in interface.
16:52:45 : DEBUG | In component 'MobNM': Ref named 'manager': has missing value or not found
16:52:45 : DEBUG | Spawning mob with id : 14ce0711ee
16:52:45 : DEBUG | In component 'MobNM': Ref named 'manager': has missing value or not found
16:52:45 : DEBUG | Spawning mob with id : 14ce0711ee
16:52:47 : DEBUG | In component 'ProjectileNM': Ref named 'networkManager': has missing value or not found
16:52:47 : DEBUG | Spawning projectile with id : 9ff10df0bd
16:52:47 : DEBUG | In component 'ProjectileNM': Ref named 'networkManager': has missing value or not found
16:52:47 : DEBUG | Spawning projectile with id : 9ff10df0bd
16:52:47 : DEBUG | In component 'ProjectileNM': Ref named 'networkManager': has missing value or not found
16:52:47 : DEBUG | Spawning projectile with id : b3c1d267e3
16:52:47 : DEBUG | In component 'ProjectileNM': Ref named 'networkManager': has missing value or not found
16:52:47 : DEBUG | Spawning projectile with id : b3c1d267e3
16:52:49 : DEBUG | In component 'ProjectileNM': Ref named 'networkManager': has missing value or not found
16:52:49 : DEBUG | Spawning projectile with id : e6ed592624
16:52:49 : DEBUG | In component 'ProjectileNM': Ref named 'networkManager': has missing value or not found
16:52:49 : DEBUG | Spawning projectile with id : e6ed592624
16:52:49 : DEBUG | In component 'ProjectileNM': Ref named 'networkManager': has missing value or not found
16:52:49 : DEBUG | Spawning projectile with id : 0f5596b74d
16:52:49 : DEBUG | In component 'ProjectileNM': Ref named 'networkManager': has missing value or not found
16:52:49 : DEBUG | Spawning projectile with id : 0f5596b74d
16:52:49 : DEBUG | In component 'ProjectileNM': Ref named 'networkManager': has missing value or not found
16:52:49 : DEBUG | Spawning projectile with id : 4b2f7adb61
16:52:49 : DEBUG | In component 'ProjectileNM': Ref named 'networkManager': has missing value or not found
16:52:49 : DEBUG | Spawning projectile with id : 4b2f7adb61
16:52:56 : MAJOR | [Polymorph Engine] Object reference not set to an instance: this maybe occurs because you need to set a reference in configuration or in interface.
16:52:59 : MAJOR | [Polymorph Engine] Object reference not set to an instance: this maybe occurs because you need to set a reference in configuration or in interface.
16:52:59 : MAJOR | [Polymorph Engine] Object reference not set to an instance: this maybe occurs because you need to set a reference in configuration or in interface.
16:53:00 : MAJOR | [Polymorph Engine] Object reference not set to an instance: this maybe occurs because you need to set a reference in configuration or in interface.
16:53:01 : MAJOR | [Polymorph Engine] Object reference not set to an instance: this maybe occurs because you need to set a reference in configuration or in interface.
16:53:02 : MAJOR | [Polymorph Engine] Object reference not set to an instance: this maybe occurs because you need to set a reference in configuration or in interface.
16:53:02 : MAJOR | [Polymorph Engine] Object reference not set to an instance: this maybe occurs because you need to set a reference in configuration or in interface.
16:53:03 : DEBUG | In component 'ProjectileNM': Ref named 'networkManager': has missing value or not found
16:53:03 : DEBUG | Spawning projectile with id : e490bb1d42
16:53:03 : DEBUG | In component 'ProjectileNM': Ref named 'networkManager': has missing value or not found
16:53:03 : DEBUG | Spawning projectile with id : e490bb1d42
16:53:03 : DEBUG | In component 'ProjectileNM': Ref named 'networkManager': has missing value or not found
16:53:03 : DEBUG | Spawning projectile with id : b497e80ae0
16:53:03 : DEBUG | In component 'ProjectileNM': Ref named 'networkManager': has missing value or not found
16:53:03 : DEBUG | Spawning projectile with id : b497e80ae0
16:53:04 : DEBUG | In component 'ProjectileNM': Ref named 'networkManager': has missing value or not found
16:53:04 : DEBUG | Spawning projectile with id : 51b792e8a5
16:53:04 : DEBUG | In component 'ProjectileNM': Ref named 'networkManager': has missing value or not found
16:53:04 : DEBUG | Spawning projectile with id : 51b792e8a5
16:53:05 : DEBUG | In component 'ProjectileNM': Ref named 'networkManager': has missing value or not found
16:53:05 : DEBUG | Spawning projectile with id : 7270b54f4e
16:53:05 : DEBUG | In component 'ProjectileNM': Ref named 'networkManager': has missing value or not found
16:53:05 : DEBUG | Spawning projectile with id : 7270b54f4e
16:53:05 : DEBUG | In component 'ProjectileNM': Ref named 'networkManager': has missing value or not found
16:53:05 : DEBUG | Spawning projectile with id : d081c6671c
16:53:05 : DEBUG | In component 'ProjectileNM': Ref named 'networkManager': has missing value or not found
16:53:05 : DEBUG | Spawning projectile with id : d081c6671c
16:53:05 : DEBUG | In component 'ProjectileNM': Ref named 'networkManager': has missing value or not found
16:53:05 : DEBUG | Spawning projectile with id : ff59bcbf01
16:53:05 : DEBUG | In component 'ProjectileNM': Ref named 'networkManager': has missing value or not found
16:53:05 : DEBUG | Spawning projectile with id : ff59bcbf01
16:53:05 : DEBUG | In component 'ProjectileNM': Ref named 'networkManager': has missing value or not found
16:53:05 : DEBUG | Spawning projectile with id : be47b116f0
16:53:05 : DEBUG | In component 'ProjectileNM': Ref named 'networkManager': has missing value or not found
16:53:05 : DEBUG | Spawning projectile with id : be47b116f0
16:53:06 : MAJOR | [Polymorph Engine] Object reference not set to an instance: this maybe occurs because you need to set a reference in configuration or in interface.
16:53:06 : DEBUG | In component 'ProjectileNM': Ref named 'networkManager': has missing value or not found
16:53:06 : DEBUG | Spawning projectile with id : c808cb3475
16:53:06 : DEBUG | In component 'ProjectileNM': Ref named 'networkManager': has missing value or not found
16:53:06 : DEBUG | Spawning projectile with id : c808cb3475
16:53:06 : DEBUG | In component 'ProjectileNM': Ref named 'networkManager': has missing value or not found
16:53:06 : DEBUG | Spawning projectile with id : 3b63a0c1ee
16:53:06 : DEBUG | In component 'ProjectileNM': Ref named 'networkManager': has missing value or not found
16:53:06 : DEBUG | Spawning projectile with id : 3b63a0c1ee
16:53:06 : DEBUG | In component 'ProjectileNM': Ref named 'networkManager': has missing value or not found
16:53:06 : DEBUG | Spawning projectile with id : 9707e8b494
16:53:06 : DEBUG | In component 'ProjectileNM': Ref named 'networkManager': has missing value or not found
16:53:06 : DEBUG | Spawning projectile with id : 9707e8b494
16:53:06 : DEBUG | In component 'ProjectileNM': Ref named 'networkManager': has missing value or not found
16:53:06 : DEBUG | Spawning projectile with id : 413e45f6bf
16:53:06 : DEBUG | In component 'ProjectileNM': Ref named 'networkManager': has missing value or not found
16:53:06 : DEBUG | Spawning projectile with id : 413e45f6bf
16:53:07 : DEBUG | In component 'ProjectileNM': Ref named 'networkManager': has missing value or not found
16:53:07 : DEBUG | Spawning projectile with id : 96de98b5ca
16:53:07 : DEBUG | In component 'ProjectileNM': Ref named 'networkManager': has missing value or not found
16:53:07 : DEBUG | Spawning projectile with id : 96de98b5ca
16:53:07 : DEBUG | In component 'ProjectileNM': Ref named 'networkManager': has missing value or not found
16:53:07 : DEBUG | Spawning projectile with id : b8550fffab
16:53:07 : DEBUG | In component 'ProjectileNM': Ref named 'networkManager': has missing value or not found
16:53:07 : DEBUG | Spawning projectile with id : b8550fffab
16:53:07 : DEBUG | In component 'ProjectileNM': Ref named 'networkManager': has missing value or not found
16:53:07 : DEBUG | Spawning projectile with id : c1eb3feab5
16:53:07 : DEBUG | In component 'ProjectileNM': Ref named 'networkManager': has missing value or not found
16:53:07 : DEBUG | Spawning projectile with id : c1eb3feab5
16:53:07 : DEBUG | In component 'ProjectileNM': Ref named 'networkManager': has missing value or not found
16:53:07 : DEBUG | Spawning projectile with id : eb37cb96bd
16:53:07 : DEBUG | In component 'ProjectileNM': Ref named 'networkManager': has missing value or not found
16:53:07 : DEBUG | Spawning projectile with id : eb37cb96bd
16:53:08 : DEBUG | In component 'ProjectileNM': Ref named 'networkManager': has missing value or not found
16:53:08 : DEBUG | Spawning projectile with id : d6f3e4dc65
16:53:08 : DEBUG | In component 'ProjectileNM': Ref named 'networkManager': has missing value or not found
16:53:08 : DEBUG | Spawning projectile with id : d6f3e4dc65
16:53:08 : DEBUG | In component 'ProjectileNM': Ref named 'networkManager': has missing value or not found
16:53:08 : DEBUG | Spawning projectile with id : 20b0699bcf
16:53:08 : DEBUG | In component 'ProjectileNM': Ref named 'networkManager': has missing value or not found
16:53:08 : DEBUG | Spawning projectile with id : 20b0699bcf
16:53:08 : DEBUG | In component 'ProjectileNM': Ref named 'networkManager': has missing value or not found
16:53:08 : DEBUG | Spawning projectile with id : 13db7b0032
16:53:08 : DEBUG | In component 'ProjectileNM': Ref named 'networkManager': has missing value or not found
16:53:08 : DEBUG | Spawning projectile with id : 13db7b0032
16:53:08 : DEBUG | In component 'ProjectileNM': Ref named 'networkManager': has missing value or not found
16:53:08 : DEBUG | Spawning projectile with id : e49c074765
16:53:08 : DEBUG | In component 'ProjectileNM': Ref named 'networkManager': has missing value or not found
16:53:08 : DEBUG | Spawning projectile with id : e49c074765
16:53:08 : DEBUG | In component 'ProjectileNM': Ref named 'networkManager': has missing value or not found
16:53:08 : DEBUG | Spawning projectile with id : 710749bd2a
16:53:08 : DEBUG | In component 'ProjectileNM': Ref named 'networkManager': has missing value or not found
16:53:08 : DEBUG | Spawning projectile with id : 710749bd2a
16:53:09 : MAJOR | [Polymorph Engine] Object reference not set to an instance: this maybe occurs because you need to set a reference in configuration or in interface.
16:53:13 : DEBUG | In component 'ProjectileNM': Ref named 'networkManager': has missing value or not found
16:53:13 : DEBUG | Spawning projectile with id : 8fd453c049
16:53:13 : DEBUG | In component 'ProjectileNM': Ref named 'networkManager': has missing value or not found
16:53:13 : DEBUG | Spawning projectile with id : 8fd453c049
16:53:14 : DEBUG | In component 'ProjectileNM': Ref named 'networkManager': has missing value or not found
16:53:14 : DEBUG | Spawning projectile with id : 35f0ca6fac
16:53:14 : DEBUG | In component 'ProjectileNM': Ref named 'networkManager': has missing value or not found
16:53:14 : DEBUG | Spawning projectile with id : 35f0ca6fac
16:53:14 : MAJOR | [Polymorph Engine] Object reference not set to an instance: this maybe occurs because you need to set a reference in configuration or in interface.
16:53:14 : DEBUG | In component 'ProjectileNM': Ref named 'networkManager': has missing value or not found
16:53:14 : DEBUG | Spawning projectile with id : 96d1a5b9c2
16:53:14 : DEBUG | In component 'ProjectileNM': Ref named 'networkManager': has missing value or not found
16:53:14 : DEBUG | Spawning projectile with id : 96d1a5b9c2
16:53:14 : DEBUG | In component 'ProjectileNM': Ref named 'networkManager': has missing value or not found
16:53:14 : DEBUG | Spawning projectile with id : 5d08f21cad
16:53:14 : DEBUG | In component 'ProjectileNM': Ref named 'networkManager': has missing value or not found
16:53:14 : DEBUG | Spawning projectile with id : 5d08f21cad
16:53:14 : DEBUG | In component 'ProjectileNM': Ref named 'networkManager': has missing value or not found
16:53:14 : DEBUG | Spawning projectile with id : b2e88428c1
16:53:14 : DEBUG | In component 'ProjectileNM': Ref named 'networkManager': has missing value or not found
16:53:14 : DEBUG | Spawning projectile with id : b2e88428c1
16:53:14 : DEBUG | In component 'ProjectileNM': Ref named 'networkManager': has missing value or not found
16:53:14 : DEBUG | Spawning projectile with id : 48924d2f36
16:53:14 : DEBUG | In component 'ProjectileNM': Ref named 'networkManager': has missing value or not found
16:53:14 : DEBUG | Spawning projectile with id : 48924d2f36
16:53:15 : DEBUG | In component 'ProjectileNM': Ref named 'networkManager': has missing value or not found
16:53:15 : DEBUG | Spawning projectile with id : 6422ff6d2d
16:53:15 : DEBUG | In component 'ProjectileNM': Ref named 'networkManager': has missing value or not found
16:53:15 : DEBUG | Spawning projectile with id : 6422ff6d2d
16:53:15 : DEBUG | In component 'ProjectileNM': Ref named 'networkManager': has missing value or not found
16:53:15 : DEBUG | Spawning projectile with id : 6fada71269
16:53:15 : DEBUG | In component 'ProjectileNM': Ref named 'networkManager': has missing value or not found
16:53:15 : DEBUG | Spawning projectile with id : 6fada71269
16:53:15 : MAJOR | [Polymorph Engine] Object reference not set to an instance: this maybe occurs because you need to set a reference in configuration or in interface.
16:53:15 : DEBUG | In component 'ProjectileNM': Ref named 'networkManager': has missing value or not found
16:53:15 : DEBUG | Spawning projectile with id : 98a1193928
16:53:15 : DEBUG | In component 'ProjectileNM': Ref named 'networkManager': has missing value or not found
16:53:15 : DEBUG | Spawning projectile with id : 98a1193928
16:53:17 : MAJOR | [Polymorph Engine] Object reference not set to an instance: this maybe occurs because you need to set a reference in configuration or in interface.
16:53:17 : MAJOR | [Polymorph Engine] Object reference not set to an instance: this maybe occurs because you need to set a reference in configuration or in interface.
16:53:18 : DEBUG | In component 'ProjectileNM': Ref named 'networkManager': has missing value or not found
16:53:18 : DEBUG | Spawning projectile with id : dbe69aab29
16:53:18 : DEBUG | In component 'ProjectileNM': Ref named 'networkManager': has missing value or not found
16:53:18 : DEBUG | Spawning projectile with id : dbe69aab29
16:53:18 : DEBUG | In component 'ProjectileNM': Ref named 'networkManager': has missing value or not found
16:53:18 : DEBUG | Spawning projectile with id : 6522a3ca49
16:53:18 : DEBUG | In component 'ProjectileNM': Ref named 'networkManager': has missing value or not found
16:53:18 : DEBUG | Spawning projectile with id : 6522a3ca49
16:53:19 : DEBUG | In component 'ProjectileNM': Ref named 'networkManager': has missing value or not found
16:53:19 : DEBUG | Spawning projectile with id : b9f878c6ab
16:53:19 : DEBUG | In component 'ProjectileNM': Ref named 'networkManager': has missing value or not found
16:53:19 : DEBUG | Spawning projectile with id : b9f878c6ab
16:53:19 : DEBUG | In component 'ProjectileNM': Ref named 'networkManager': has missing value or not found
16:53:19 : DEBUG | Spawning projectile with id : b6a2556b5f
16:53:19 : DEBUG | In component 'ProjectileNM': Ref named 'networkManager': has missing value or not found
16:53:19 : DEBUG | Spawning projectile with id : b6a2556b5f
16:53:19 : DEBUG | In component 'ProjectileNM': Ref named 'networkManager': has missing value or not found
16:53:19 : DEBUG | Spawning projectile with id : 125567949f
16:53:19 : DEBUG | In component 'ProjectileNM': Ref named 'networkManager': has missing value or not found
16:53:19 : DEBUG | Spawning projectile with id : 125567949f
16:53:19 : DEBUG | In component 'ProjectileNM': Ref named 'networkManager': has missing value or not found
16:53:19 : DEBUG | Spawning projectile with id : e7cede2560
16:53:19 : DEBUG | In component 'ProjectileNM': Ref named 'networkManager': has missing value or not found
16:53:19 : DEBUG | Spawning projectile with id : e7cede2560
16:53:19 : DEBUG | In component 'ProjectileNM': Ref named 'networkManager': has missing value or not found
16:53:19 : DEBUG | Spawning projectile with id : 5ed6176311
16:53:19 : DEBUG | In component 'ProjectileNM': Ref named 'networkManager': has missing value or not found
16:53:19 : DEBUG | Spawning projectile with id : 5ed6176311
16:53:20 : DEBUG | In component 'ProjectileNM': Ref named 'networkManager': has missing value or not found
16:53:20 : DEBUG | Spawning projectile with id : f5baca3bac
16:53:20 : DEBUG | In component 'ProjectileNM': Ref named 'networkManager': has missing value or not found
16:53:20 : DEBUG | Spawning projectile with id : f5baca3bac
16:53:20 : DEBUG | In component 'ProjectileNM': Ref named 'networkManager': has missing value or not found
16:53:20 : DEBUG | Spawning projectile with id : 843d4ded09
16:53:20 : DEBUG | In component 'ProjectileNM': Ref named 'networkManager': has missing value or not found
16:53:20 : DEBUG | Spawning projectile with id : 843d4ded09
16:53:20 : DEBUG | In component 'ProjectileNM': Ref named 'networkManager': has missing value or not found
16:53:20 : DEBUG | Spawning projectile with id : 022d9e737a
16:53:20 : DEBUG | In component 'ProjectileNM': Ref named 'networkManager': has missing value or not found
16:53:20 : DEBUG | Spawning projectile with id : 022d9e737a
16:53:20 : DEBUG | In component 'ProjectileNM': Ref named 'networkManager': has missing value or not found
16:53:20 : DEBUG | Spawning projectile with id : c31f1ac702
16:53:20 : DEBUG | In component 'ProjectileNM': Ref named 'networkManager': has missing value or not found
16:53:20 : DEBUG | Spawning projectile with id : c31f1ac702
16:53:20 : DEBUG | In component 'ProjectileNM': Ref named 'networkManager': has missing value or not found
16:53:20 : DEBUG | Spawning projectile with id : e65a9247af
16:53:20 : DEBUG | In component 'ProjectileNM': Ref named 'networkManager': has missing value or not found
16:53:20 : DEBUG | Spawning projectile with id : e65a9247af
16:53:21 : DEBUG | In component 'ProjectileNM': Ref named 'networkManager': has missing value or not found
16:53:21 : DEBUG | Spawning projectile with id : 3937f2d76e
16:53:21 : DEBUG | In component 'ProjectileNM': Ref named 'networkManager': has missing value or not found
16:53:21 : DEBUG | Spawning projectile with id : 3937f2d76e
16:53:21 : DEBUG | In component 'ProjectileNM': Ref named 'networkManager': has missing value or not found
16:53:21 : DEBUG | Spawning projectile with id : 744a49ebea
16:53:21 : DEBUG | In component 'ProjectileNM': Ref named 'networkManager': has missing value or not found
16:53:21 : DEBUG | Spawning projectile with id : 744a49ebea
16:53:23 : DEBUG | In component 'ProjectileNM': Ref named 'networkManager': has missing value or not found
16:53:23 : DEBUG | Spawning projectile with id : 8f1b4317ce
16:53:23 : DEBUG | In component 'ProjectileNM': Ref named 'networkManager': has missing value or not found
16:53:23 : DEBUG | Spawning projectile with id : 8f1b4317ce
16:53:23 : MAJOR | [Polymorph Engine] Object reference not set to an instance: this maybe occurs because you need to set a reference in configuration or in interface.
16:53:23 : DEBUG | In component 'ProjectileNM': Ref named 'networkManager': has missing value or not found
16:53:23 : DEBUG | Spawning projectile with id : a2cacb0645
16:53:23 : DEBUG | In component 'ProjectileNM': Ref named 'networkManager': has missing value or not found
16:53:23 : DEBUG | Spawning projectile with id : a2cacb0645
16:53:23 : MAJOR | [Polymorph Engine] Object reference not set to an instance: this maybe occurs because you need to set a reference in configuration or in interface.
16:53:23 : MAJOR | [Polymorph Engine] Object reference not set to an instance: this maybe occurs because you need to set a reference in configuration or in interface.
16:53:23 : DEBUG | In component 'ProjectileNM': Ref named 'networkManager': has missing value or not found
16:53:23 : DEBUG | Spawning projectile with id : 22d77d7317
16:53:23 : DEBUG | In component 'ProjectileNM': Ref named 'networkManager': has missing value or not found
16:53:23 : DEBUG | Spawning projectile with id : 22d77d7317
16:53:23 : MAJOR | [Polymorph Engine] Object reference not set to an instance: this maybe occurs because you need to set a reference in configuration or in interface.
16:53:23 : MAJOR | [Polymorph Engine] Object reference not set to an instance: this maybe occurs because you need to set a reference in configuration or in interface.
16:53:23 : DEBUG | In component 'ProjectileNM': Ref named 'networkManager': has missing value or not found
16:53:23 : DEBUG | Spawning projectile with id : d30235dd38
16:53:23 : DEBUG | In component 'ProjectileNM': Ref named 'networkManager': has missing value or not found
16:53:23 : DEBUG | Spawning projectile with id : d30235dd38
16:53:23 : MAJOR | [Polymorph Engine] Object reference not set to an instance: this maybe occurs because you need to set a reference in configuration or in interface.
16:53:23 : MAJOR | [Polymorph Engine] Object reference not set to an instance: this maybe occurs because you need to set a reference in configuration or in interface.
16:53:24 : DEBUG | In component 'ProjectileNM': Ref named 'networkManager': has missing value or not found
16:53:24 : DEBUG | Spawning projectile with id : fe638ef9d2
16:53:24 : DEBUG | In component 'ProjectileNM': Ref named 'networkManager': has missing value or not found
16:53:24 : DEBUG | Spawning projectile with id : fe638ef9d2
16:53:24 : MAJOR | [Polymorph Engine] Object reference not set to an instance: this maybe occurs because you need to set a reference in configuration or in interface.
16:53:24 : MAJOR | [Polymorph Engine] Object reference not set to an instance: this maybe occurs because you need to set a reference in configuration or in interface.
16:53:24 : DEBUG | In component 'ProjectileNM': Ref named 'networkManager': has missing value or not found
16:53:24 : DEBUG | Spawning projectile with id : 21e564351b
16:53:24 : DEBUG | In component 'ProjectileNM': Ref named 'networkManager': has missing value or not found
16:53:24 : DEBUG | Spawning projectile with id : 21e564351b
16:53:24 : MAJOR | [Polymorph Engine] Object reference not set to an instance: this maybe occurs because you need to set a reference in configuration or in interface.
16:53:24 : MAJOR | [Polymorph Engine] Object reference not set to an instance: this maybe occurs because you need to set a reference in configuration or in interface.
16:53:24 : DEBUG | In component 'ProjectileNM': Ref named 'networkManager': has missing value or not found
16:53:24 : DEBUG | Spawning projectile with id : 075c4aab69
16:53:24 : DEBUG | In component 'ProjectileNM': Ref named 'networkManager': has missing value or not found
16:53:24 : DEBUG | Spawning projectile with id : 075c4aab69
16:53:24 : MAJOR | [Polymorph Engine] Object reference not set to an instance: this maybe occurs because you need to set a reference in configuration or in interface.
16:53:24 : MAJOR | [Polymorph Engine] Object reference not set to an instance: this maybe occurs because you need to set a reference in configuration or in interface.
16:53:24 : DEBUG | In component 'ProjectileNM': Ref named 'networkManager': has missing value or not found
16:53:24 : DEBUG | Spawning projectile with id : 0e7a84c8f6
16:53:24 : DEBUG | In component 'ProjectileNM': Ref named 'networkManager': has missing value or not found
16:53:24 : DEBUG | Spawning projectile with id : 0e7a84c8f6
16:53:24 : MAJOR | [Polymorph Engine] Object reference not set to an instance: this maybe occurs because you need to set a reference in configuration or in interface.
16:53:24 : MAJOR | [Polymorph Engine] Object reference not set to an instance: this maybe occurs because you need to set a reference in configuration or in interface.
16:53:24 : DEBUG | In component 'ProjectileNM': Ref named 'networkManager': has missing value or not found
16:53:24 : DEBUG | Spawning projectile with id : 973a430907
16:53:24 : DEBUG | In component 'ProjectileNM': Ref named 'networkManager': has missing value or not found
16:53:24 : DEBUG | Spawning projectile with id : 973a430907
16:53:24 : MAJOR | [Polymorph Engine] Object reference not set to an instance: this maybe occurs because you need to set a reference in configuration or in interface.
16:53:24 : MAJOR | [Polymorph Engine] Object reference not set to an instance: this maybe occurs because you need to set a reference in configuration or in interface.
16:53:25 : MAJOR | [Polymorph Engine] Object reference not set to an instance: this maybe occurs because you need to set a reference in configuration or in interface.
16:53:27 : DEBUG | In component 'ProjectileNM': Ref named 'networkManager': has missing value or not found
16:53:27 : DEBUG | Spawning projectile with id : af850d2476
16:53:27 : DEBUG | In component 'ProjectileNM': Ref named 'networkManager': has missing value or not found
16:53:27 : DEBUG | Spawning projectile with id : af850d2476
16:53:28 : DEBUG | In component 'ProjectileNM': Ref named 'networkManager': has missing value or not found
16:53:28 : DEBUG | Spawning projectile with id : 428c995be7
16:53:28 : DEBUG | In component 'ProjectileNM': Ref named 'networkManager': has missing value or not found
16:53:28 : DEBUG | Spawning projectile with id : 428c995be7
16:53:28 : DEBUG | In component 'ProjectileNM': Ref named 'networkManager': has missing value or not found
16:53:28 : DEBUG | Spawning projectile with id : 2c066a612f
16:53:28 : DEBUG | In component 'ProjectileNM': Ref named 'networkManager': has missing value or not found
16:53:28 : DEBUG | Spawning projectile with id : 2c066a612f
16:53:28 : DEBUG | In component 'ProjectileNM': Ref named 'networkManager': has missing value or not found
16:53:28 : DEBUG | Spawning projectile with id : c37052927a
16:53:28 : DEBUG | In component 'ProjectileNM': Ref named 'networkManager': has missing value or not found
16:53:28 : DEBUG | Spawning projectile with id : c37052927a
16:53:28 : DEBUG | In component 'ProjectileNM': Ref named 'networkManager': has missing value or not found
16:53:28 : DEBUG | Spawning projectile with id : 313474c869
16:53:28 : DEBUG | In component 'ProjectileNM': Ref named 'networkManager': has missing value or not found
16:53:28 : DEBUG | Spawning projectile with id : 313474c869
16:53:28 : DEBUG | In component 'ProjectileNM': Ref named 'networkManager': has missing value or not found
16:53:28 : DEBUG | Spawning projectile with id : cabd9efc19
16:53:28 : DEBUG | In component 'ProjectileNM': Ref named 'networkManager': has missing value or not found
16:53:28 : DEBUG | Spawning projectile with id : cabd9efc19
16:53:29 : DEBUG | In component 'ProjectileNM': Ref named 'networkManager': has missing value or not found
16:53:29 : DEBUG | Spawning projectile with id : 887a7436f3
16:53:29 : DEBUG | In component 'ProjectileNM': Ref named 'networkManager': has missing value or not found
16:53:29 : DEBUG | Spawning projectile with id : 887a7436f3
16:53:29 : DEBUG | In component 'ProjectileNM': Ref named 'networkManager': has missing value or not found
16:53:29 : DEBUG | Spawning projectile with id : e3d299bfb1
16:53:29 : DEBUG | In component 'ProjectileNM': Ref named 'networkManager': has missing value or not found
16:53:29 : DEBUG | Spawning projectile with id : e3d299bfb1
16:53:29 : DEBUG | In component 'ProjectileNM': Ref named 'networkManager': has missing value or not found
16:53:29 : DEBUG | Spawning projectile with id : fec2330d7f
16:53:29 : DEBUG | In component 'ProjectileNM': Ref named 'networkManager': has missing value or not found
16:53:29 : DEBUG | Spawning projectile with id : fec2330d7f
16:53:30 : DEBUG | In component 'ProjectileNM': Ref named 'networkManager': has missing value or not found
16:53:30 : DEBUG | Spawning projectile with id : 6c1bfdb868
16:53:30 : DEBUG | In component 'ProjectileNM': Ref named 'networkManager': has missing value or not found
16:53:30 : DEBUG | Spawning projectile with id : 6c1bfdb868
16:53:30 : DEBUG | In component 'ProjectileNM': Ref named 'networkManager': has missing value or not found
16:53:30 : DEBUG | Spawning projectile with id : 556e1bc345
16:53:30 : DEBUG | In component 'ProjectileNM': Ref named 'networkManager': has missing value or not found
16:53:30 : DEBUG | Spawning projectile with id : 556e1bc345
16:53:30 : DEBUG | In component 'ProjectileNM': Ref named 'networkManager': has missing value or not found
16:53:30 : DEBUG | Spawning projectile with id : 2d8ce56c54
16:53:30 : DEBUG | In component 'ProjectileNM': Ref named 'networkManager': has missing value or not found
16:53:30 : DEBUG | Spawning projectile with id : 2d8ce56c54
16:53:30 : DEBUG | In component 'ProjectileNM': Ref named 'networkManager': has missing value or not found
16:53:30 : DEBUG | Spawning projectile with id : a2a21f9c19
16:53:30 : DEBUG | In component 'ProjectileNM': Ref named 'networkManager': has missing value or not found
16:53:30 : DEBUG | Spawning projectile with id : a2a21f9c19
16:53:31 : DEBUG | In component 'ProjectileNM': Ref named 'networkManager': has missing value or not found
16:53:31 : DEBUG | Spawning projectile with id : fb9d585fbe
16:53:31 : DEBUG | In component 'ProjectileNM': Ref named 'networkManager': has missing value or not found
16:53:31 : DEBUG | Spawning projectile with id : fb9d585fbe
16:53:31 : DEBUG | In component 'ProjectileNM': Ref named 'networkManager': has missing value or not found
16:53:31 : DEBUG | Spawning projectile with id : 5b25d8ba55
16:53:31 : DEBUG | In component 'ProjectileNM': Ref named 'networkManager': has missing value or not found
16:53:31 : DEBUG | Spawning projectile with id : 5b25d8ba55
16:53:31 : DEBUG | In component 'ProjectileNM': Ref named 'networkManager': has missing value or not found
16:53:31 : DEBUG | Spawning projectile with id : c4161be5d3
16:53:31 : DEBUG | In component 'ProjectileNM': Ref named 'networkManager': has missing value or not found
16:53:31 : DEBUG | Spawning projectile with id : c4161be5d3
16:53:31 : DEBUG | In component 'ProjectileNM': Ref named 'networkManager': has missing value or not found
16:53:31 : DEBUG | Spawning projectile with id : 06c711a444
16:53:31 : DEBUG | In component 'ProjectileNM': Ref named 'networkManager': has missing value or not found
16:53:31 : DEBUG | Spawning projectile with id : 06c711a444
16:53:32 : DEBUG | In component 'ProjectileNM': Ref named 'networkManager': has missing value or not found
16:53:32 : DEBUG | Spawning projectile with id : df5b6befc3
16:53:32 : DEBUG | In component 'ProjectileNM': Ref named 'networkManager': has missing value or not found
16:53:32 : DEBUG | Spawning projectile with id : df5b6befc3
16:53:32 : MAJOR | [Polymorph Engine] Object reference not set to an instance: this maybe occurs because you need to set a reference in configuration or in interface.
16:53:32 : MAJOR | [Polymorph Engine] Object reference not set to an instance: this maybe occurs because you need to set a reference in configuration or in interface.
16:53:32 : DEBUG | In component 'ProjectileNM': Ref named 'networkManager': has missing value or not found
16:53:32 : DEBUG | Spawning projectile with id : 17e9e177fa
16:53:32 : DEBUG | In component 'ProjectileNM': Ref named 'networkManager': has missing value or not found
16:53:32 : DEBUG | Spawning projectile with id : 17e9e177fa
16:53:32 : MAJOR | [Polymorph Engine] Object reference not set to an instance: this maybe occurs because you need to set a reference in configuration or in interface.
16:53:32 : MAJOR | [Polymorph Engine] Object reference not set to an instance: this maybe occurs because you need to set a reference in configuration or in interface.
16:53:32 : MAJOR | [Polymorph Engine] Object reference not set to an instance: this maybe occurs because you need to set a reference in configuration or in interface.
16:53:32 : MAJOR | [Polymorph Engine] Object reference not set to an instance: this maybe occurs because you need to set a reference in configuration or in interface.
16:53:32 : DEBUG | In component 'ProjectileNM': Ref named 'networkManager': has missing value or not found
16:53:32 : DEBUG | Spawning projectile with id : c14f5a6630
16:53:32 : DEBUG | In component 'ProjectileNM': Ref named 'networkManager': has missing value or not found
16:53:32 : DEBUG | Spawning projectile with id : c14f5a6630
16:53:33 : DEBUG | In component 'ProjectileNM': Ref named 'networkManager': has missing value or not found
16:53:33 : DEBUG | Spawning projectile with id : 9b4a19b58a
16:53:33 : DEBUG | In component 'ProjectileNM': Ref named 'networkManager': has missing value or not found
16:53:33 : DEBUG | Spawning projectile with id : 9b4a19b58a
16:53:33 : MAJOR | [Polymorph Engine] Object reference not set to an instance: this maybe occurs because you need to set a reference in configuration or in interface.
16:53:33 : DEBUG | In component 'ProjectileNM': Ref named 'networkManager': has missing value or not found
16:53:33 : DEBUG | Spawning projectile with id : 2e9c27cf91
16:53:33 : DEBUG | In component 'ProjectileNM': Ref named 'networkManager': has missing value or not found
16:53:33 : DEBUG | Spawning projectile with id : 2e9c27cf91
16:53:33 : MAJOR | [Polymorph Engine] Object reference not set to an instance: this maybe occurs because you need to set a reference in configuration or in interface.
16:53:33 : DEBUG | In component 'ProjectileNM': Ref named 'networkManager': has missing value or not found
16:53:33 : DEBUG | Spawning projectile with id : f589da26c4
16:53:33 : DEBUG | In component 'ProjectileNM': Ref named 'networkManager': has missing value or not found
16:53:33 : DEBUG | Spawning projectile with id : f589da26c4
16:53:34 : DEBUG | In component 'ProjectileNM': Ref named 'networkManager': has missing value or not found
16:53:34 : DEBUG | Spawning projectile with id : d2bd408b68
16:53:34 : DEBUG | In component 'ProjectileNM': Ref named 'networkManager': has missing value or not found
16:53:34 : DEBUG | Spawning projectile with id : d2bd408b68
16:53:34 : MAJOR | [Polymorph Engine] Object reference not set to an instance: this maybe occurs because you need to set a reference in configuration or in interface.
16:53:34 : MAJOR | [Polymorph Engine] Object reference not set to an instance: this maybe occurs because you need to set a reference in configuration or in interface.
16:53:34 : MAJOR | [Polymorph Engine] Object reference not set to an instance: this maybe occurs because you need to set a reference in configuration or in interface.
16:53:34 : DEBUG | In component 'ProjectileNM': Ref named 'networkManager': has missing value or not found
16:53:34 : DEBUG | Spawning projectile with id : bacfecce6f
16:53:34 : DEBUG | In component 'ProjectileNM': Ref named 'networkManager': has missing value or not found
16:53:34 : DEBUG | Spawning projectile with id : bacfecce6f
16:53:34 : MAJOR | [Polymorph Engine] Object reference not set to an instance: this maybe occurs because you need to set a reference in configuration or in interface.
16:53:34 : MAJOR | [Polymorph Engine] Object reference not set to an instance: this maybe occurs because you need to set a reference in configuration or in interface.
16:53:34 : DEBUG | In component 'ProjectileNM': Ref named 'networkManager': has missing value or not found
16:53:34 : DEBUG | Spawning projectile with id : 58c3da8b54
16:53:34 : DEBUG | In component 'ProjectileNM': Ref named 'networkManager': has missing value or not found
16:53:34 : DEBUG | Spawning projectile with id : 58c3da8b54
16:53:34 : MAJOR | [Polymorph Engine] Object reference not set to an instance: this maybe occurs because you need to set a reference in configuration or in interface.
16:53:35 : MAJOR | [Polymorph Engine] Object reference not set to an instance: this maybe occurs because you need to set a reference in configuration or in interface.
16:53:35 : DEBUG | In component 'ProjectileNM': Ref named 'networkManager': has missing value or not found
16:53:35 : DEBUG | Spawning projectile with id : 8e1c02d4c0
16:53:35 : DEBUG | In component 'ProjectileNM': Ref named 'networkManager': has missing value or not found
16:53:35 : DEBUG | Spawning projectile with id : 8e1c02d4c0
16:53:35 : MAJOR | [Polymorph Engine] Object reference not set to an instance: this maybe occurs because you need to set a reference in configuration or in interface.
16:53:35 : MAJOR | [Polymorph Engine] Object reference not set to an instance: this maybe occurs because you need to set a reference in configuration or in interface.
16:53:35 : DEBUG | In component 'ProjectileNM': Ref named 'networkManager': has missing value or not found
16:53:35 : DEBUG | Spawning projectile with id : d22a9f7905
16:53:35 : DEBUG | In component 'ProjectileNM': Ref named 'networkManager': has missing value or not found
16:53:35 : DEBUG | Spawning projectile with id : d22a9f7905
16:53:35 : MAJOR | [Polymorph Engine] Object reference not set to an instance: this maybe occurs because you need to set a reference in configuration or in interface.
16:53:35 : MAJOR | [Polymorph Engine] Object reference not set to an instance: this maybe occurs because you need to set a reference in configuration or in interface.
16:53:35 : DEBUG | In component 'ProjectileNM': Ref named 'networkManager': has missing value or not found
16:53:35 : DEBUG | Spawning projectile with id : 7272e937da
16:53:35 : DEBUG | In component 'ProjectileNM': Ref named 'networkManager': has missing value or not found
16:53:35 : DEBUG | Spawning projectile with id : 7272e937da
16:53:35 : MAJOR | [Polymorph Engine] Object reference not set to an instance: this maybe occurs because you need to set a reference in configuration or in interface.
16:53:35 : MAJOR | [Polymorph Engine] Object reference not set to an instance: this maybe occurs because you need to set a reference in configuration or in interface.
16:53:35 : DEBUG | In component 'ProjectileNM': Ref named 'networkManager': has missing value or not found
16:53:35 : DEBUG | Spawning projectile with id : 504347d9c7
16:53:35 : DEBUG | In component 'ProjectileNM': Ref named 'networkManager': has missing value or not found
16:53:35 : DEBUG | Spawning projectile with id : 504347d9c7
16:53:35 : DEBUG | In component 'ProjectileNM': Ref named 'networkManager': has missing value or not found
16:53:35 : DEBUG | Spawning projectile with id : e357c14b70
16:53:35 : DEBUG | In component 'ProjectileNM': Ref named 'networkManager': has missing value or not found
16:53:35 : DEBUG | Spawning projectile with id : e357c14b70
16:53:35 : MAJOR | [Polymorph Engine] Object reference not set to an instance: this maybe occurs because you need to set a reference in configuration or in interface.
16:53:36 : DEBUG | In component 'ProjectileNM': Ref named 'networkManager': has missing value or not found
16:53:36 : DEBUG | Spawning projectile with id : 1d69615455
16:53:36 : DEBUG | In component 'ProjectileNM': Ref named 'networkManager': has missing value or not found
16:53:36 : DEBUG | Spawning projectile with id : 1d69615455
16:53:36 : MAJOR | [Polymorph Engine] Object reference not set to an instance: this maybe occurs because you need to set a reference in configuration or in interface.
16:53:36 : DEBUG | In component 'ProjectileNM': Ref named 'networkManager': has missing value or not found
16:53:36 : DEBUG | Spawning projectile with id : 8a8d2cd305
16:53:36 : DEBUG | In component 'ProjectileNM': Ref named 'networkManager': has missing value or not found
16:53:36 : DEBUG | Spawning projectile with id : 8a8d2cd305
16:53:36 : MAJOR | [Polymorph Engine] Object reference not set to an instance: this maybe occurs because you need to set a reference in configuration or in interface.
16:53:36 : MAJOR | [Polymorph Engine] Object reference not set to an instance: this maybe occurs because you need to set a reference in configuration or in interface.
16:53:36 : MAJOR | [Polymorph Engine] Object reference not set to an instance: this maybe occurs because you need to set a reference in configuration or in interface.
16:53:36 : DEBUG | In component 'ProjectileNM': Ref named 'networkManager': has missing value or not found
16:53:36 : DEBUG | Spawning projectile with id : c656595ccf
16:53:36 : DEBUG | In component 'ProjectileNM': Ref named 'networkManager': has missing value or not found
16:53:36 : DEBUG | Spawning projectile with id : c656595ccf
16:53:36 : DEBUG | In component 'ProjectileNM': Ref named 'networkManager': has missing value or not found
16:53:36 : DEBUG | Spawning projectile with id : dbeba982dc
16:53:36 : DEBUG | In component 'ProjectileNM': Ref named 'networkManager': has missing value or not found
16:53:36 : DEBUG | Spawning projectile with id : dbeba982dc
16:53:37 : MAJOR | [Polymorph Engine] Object reference not set to an instance: this maybe occurs because you need to set a reference in configuration or in interface.
16:53:37 : DEBUG | In component 'ProjectileNM': Ref named 'networkManager': has missing value or not found
16:53:37 : DEBUG | Spawning projectile with id : 53354fa2d8
16:53:37 : DEBUG | In component 'ProjectileNM': Ref named 'networkManager': has missing value or not found
16:53:37 : DEBUG | Spawning projectile with id : 53354fa2d8
16:53:37 : DEBUG | In component 'ProjectileNM': Ref named 'networkManager': has missing value or not found
16:53:37 : DEBUG | Spawning projectile with id : ad4c974f7e
16:53:37 : DEBUG | In component 'ProjectileNM': Ref named 'networkManager': has missing value or not found
16:53:37 : DEBUG | Spawning projectile with id : ad4c974f7e
16:53:37 : MAJOR | [Polymorph Engine] Object reference not set to an instance: this maybe occurs because you need to set a reference in configuration or in interface.
16:53:37 : MAJOR | [Polymorph Engine] Object reference not set to an instance: this maybe occurs because you need to set a reference in configuration or in interface.
16:53:38 : DEBUG | In component 'ProjectileNM': Ref named 'networkManager': has missing value or not found
16:53:38 : DEBUG | Spawning projectile with id : c50e3e7984
16:53:38 : DEBUG | In component 'ProjectileNM': Ref named 'networkManager': has missing value or not found
16:53:38 : DEBUG | Spawning projectile with id : c50e3e7984
16:53:38 : DEBUG | In component 'ProjectileNM': Ref named 'networkManager': has missing value or not found
16:53:38 : DEBUG | Spawning projectile with id : 704ee44199
16:53:38 : DEBUG | In component 'ProjectileNM': Ref named 'networkManager': has missing value or not found
16:53:38 : DEBUG | Spawning projectile with id : 704ee44199
16:53:38 : DEBUG | In component 'ProjectileNM': Ref named 'networkManager': has missing value or not found
16:53:38 : DEBUG | Spawning projectile with id : d6909215df
16:53:38 : DEBUG | In component 'ProjectileNM': Ref named 'networkManager': has missing value or not found
16:53:38 : DEBUG | Spawning projectile with id : d6909215df
16:53:38 : DEBUG | In component 'ProjectileNM': Ref named 'networkManager': has missing value or not found
16:53:38 : DEBUG | Spawning projectile with id : ce3acfb3be
16:53:38 : DEBUG | In component 'ProjectileNM': Ref named 'networkManager': has missing value or not found
16:53:38 : DEBUG | Spawning projectile with id : ce3acfb3be
16:53:39 : DEBUG | In component 'ProjectileNM': Ref named 'networkManager': has missing value or not found
16:53:39 : DEBUG | Spawning projectile with id : 2c5a3a1516
16:53:39 : DEBUG | In component 'ProjectileNM': Ref named 'networkManager': has missing value or not found
16:53:39 : DEBUG | Spawning projectile with id : 2c5a3a1516
16:53:39 : DEBUG | In component 'ProjectileNM': Ref named 'networkManager': has missing value or not found
16:53:39 : DEBUG | Spawning projectile with id : 3891f043cd
16:53:39 : DEBUG | In component 'ProjectileNM': Ref named 'networkManager': has missing value or not found
16:53:39 : DEBUG | Spawning projectile with id : 3891f043cd
16:53:39 : DEBUG | In component 'ProjectileNM': Ref named 'networkManager': has missing value or not found
16:53:39 : DEBUG | Spawning projectile with id : 21c3d6cd3c
16:53:39 : DEBUG | In component 'ProjectileNM': Ref named 'networkManager': has missing value or not found
16:53:39 : DEBUG | Spawning projectile with id : 21c3d6cd3c
16:53:39 : DEBUG | In component 'ProjectileNM': Ref named 'networkManager': has missing value or not found
16:53:39 : DEBUG | Spawning projectile with id : 5027d0b5fb
16:53:39 : DEBUG | In component 'ProjectileNM': Ref named 'networkManager': has missing value or not found
16:53:39 : DEBUG | Spawning projectile with id : 5027d0b5fb
16:53:40 : DEBUG | In component 'ProjectileNM': Ref named 'networkManager': has missing value or not found
16:53:40 : DEBUG | Spawning projectile with id : ac0af879ac
16:53:40 : DEBUG | In component 'ProjectileNM': Ref named 'networkManager': has missing value or not found
16:53:40 : DEBUG | Spawning projectile with id : ac0af879ac
16:53:40 : DEBUG | In component 'ProjectileNM': Ref named 'networkManager': has missing value or not found
16:53:40 : DEBUG | Spawning projectile with id : ea885c580a
16:53:40 : DEBUG | In component 'ProjectileNM': Ref named 'networkManager': has missing value or not found
16:53:40 : DEBUG | Spawning projectile with id : ea885c580a
16:53:40 : DEBUG | In component 'ProjectileNM': Ref named 'networkManager': has missing value or not found
16:53:40 : DEBUG | Spawning projectile with id : 2ea8477fe4
16:53:40 : DEBUG | In component 'ProjectileNM': Ref named 'networkManager': has missing value or not found
16:53:40 : DEBUG | Spawning projectile with id : 2ea8477fe4
