16:33:50 : INFO | FPS: 390, deltatime: 0.002564
16:33:50 : INFO | FPS: 62, deltatime: 0.016000
16:33:50 : DEBUG | Spawning player with id : a1df14bf3d
16:33:50 : DEBUG | In component 'PlayerManager': Ref named 'manager': has missing value or not found
16:33:50 : DEBUG | In component 'PlayerManager': Ref named 'networker': has missing value or not found
16:33:50 : DEBUG | In component 'PlayerManager': Ref named 'Score': has missing value or not found
16:33:50 : DEBUG | In component 'PlayerManager': Ref named 'Lifes': has missing value or not found
16:33:50 : DEBUG | In component 'PlayerAnimator': Ref named 'Weapon': has missing value or not found
16:33:50 : INFO | FPS: 62, deltatime: 0.016000
16:33:50 : MAJOR | No animation to start
16:33:50 : INFO | FPS: 62, deltatime: 0.016000
16:33:50 : INFO | FPS: 62, deltatime: 0.016000
16:33:50 : INFO | FPS: 62, deltatime: 0.016000
16:33:50 : INFO | FPS: 62, deltatime: 0.016000
16:33:50 : INFO | FPS: 62, deltatime: 0.016000
16:33:50 : INFO | FPS: 62, deltatime: 0.016000
16:33:50 : INFO | FPS: 62, deltatime: 0.016000
16:33:50 : INFO | FPS: 62, deltatime: 0.016000
16:33:50 : INFO | FPS: 62, deltatime: 0.016000
16:33:50 : INFO | FPS: 62, deltatime: 0.016000
16:33:50 : INFO | FPS: 62, deltatime: 0.016000
16:33:50 : INFO | FPS: 62, deltatime: 0.016000
16:33:50 : INFO | FPS: 62, deltatime: 0.016000
16:33:50 : INFO | FPS: 62, deltatime: 0.016000
16:33:50 : INFO | FPS: 62, deltatime: 0.016000
16:33:50 : INFO | FPS: 62, deltatime: 0.016000
16:33:50 : INFO | FPS: 62, deltatime: 0.016000
16:33:50 : INFO | FPS: 62, deltatime: 0.016000
16:33:50 : INFO | FPS: 62, deltatime: 0.016000
16:33:50 : INFO | FPS: 62, deltatime: 0.016000
16:33:50 : INFO | FPS: 62, deltatime: 0.016000
16:33:50 : INFO | FPS: 62, deltatime: 0.016000
16:33:50 : INFO | FPS: 62, deltatime: 0.016000
16:33:50 : INFO | FPS: 62, deltatime: 0.016000
16:33:50 : INFO | FPS: 62, deltatime: 0.016000
16:33:50 : INFO | FPS: 62, deltatime: 0.016000
16:33:50 : INFO | FPS: 62, deltatime: 0.016000
16:33:50 : INFO | FPS: 62, deltatime: 0.016000
16:33:50 : INFO | FPS: 62, deltatime: 0.016000
16:33:50 : INFO | FPS: 62, deltatime: 0.016000
16:33:50 : INFO | FPS: 62, deltatime: 0.016000
16:33:50 : INFO | FPS: 62, deltatime: 0.016000
16:33:50 : INFO | FPS: 62, deltatime: 0.016000
16:33:50 : INFO | FPS: 62, deltatime: 0.016000
16:33:50 : INFO | FPS: 62, deltatime: 0.016000
16:33:50 : INFO | FPS: 62, deltatime: 0.016000
16:33:50 : INFO | FPS: 62, deltatime: 0.016000
16:33:50 : INFO | FPS: 62, deltatime: 0.016000
16:33:50 : INFO | FPS: 62, deltatime: 0.016000
16:33:50 : INFO | FPS: 62, deltatime: 0.016000
16:33:50 : INFO | FPS: 62, deltatime: 0.016000
16:33:50 : INFO | FPS: 62, deltatime: 0.016000
16:33:50 : INFO | FPS: 62, deltatime: 0.016000
16:33:50 : INFO | FPS: 62, deltatime: 0.016000
16:33:50 : INFO | FPS: 62, deltatime: 0.016000
16:33:50 : INFO | FPS: 62, deltatime: 0.016000
16:33:50 : INFO | FPS: 62, deltatime: 0.016000
16:33:50 : INFO | FPS: 62, deltatime: 0.016000
16:33:50 : INFO | FPS: 62, deltatime: 0.016000
16:33:50 : INFO | FPS: 62, deltatime: 0.016000
16:33:50 : INFO | FPS: 62, deltatime: 0.016000
16:33:50 : INFO | FPS: 62, deltatime: 0.016000
16:33:51 : INFO | FPS: 62, deltatime: 0.016000
16:33:51 : INFO | FPS: 62, deltatime: 0.016000
16:33:51 : INFO | FPS: 62, deltatime: 0.016000
16:33:51 : INFO | FPS: 62, deltatime: 0.016000
16:33:51 : INFO | FPS: 62, deltatime: 0.016000
16:33:51 : INFO | FPS: 62, deltatime: 0.016000
16:33:51 : INFO | FPS: 62, deltatime: 0.016000
16:33:51 : INFO | FPS: 62, deltatime: 0.016000
16:33:51 : INFO | FPS: 62, deltatime: 0.016000
16:33:51 : INFO | FPS: 62, deltatime: 0.016000
16:33:51 : INFO | FPS: 62, deltatime: 0.016000
16:33:51 : INFO | FPS: 62, deltatime: 0.016000
16:33:51 : INFO | FPS: 62, deltatime: 0.016000
16:33:51 : INFO | FPS: 62, deltatime: 0.016000
16:33:51 : INFO | FPS: 62, deltatime: 0.016000
16:33:51 : INFO | FPS: 62, deltatime: 0.016000
16:33:51 : INFO | FPS: 62, deltatime: 0.016000
16:33:51 : INFO | FPS: 62, deltatime: 0.016000
16:33:51 : INFO | FPS: 62, deltatime: 0.016000
16:33:51 : INFO | FPS: 62, deltatime: 0.016000
16:33:51 : INFO | FPS: 62, deltatime: 0.016000
16:33:51 : INFO | FPS: 62, deltatime: 0.016000
16:33:51 : INFO | FPS: 62, deltatime: 0.016000
16:33:51 : INFO | FPS: 62, deltatime: 0.016000
16:33:51 : INFO | FPS: 62, deltatime: 0.016000
16:33:51 : INFO | FPS: 62, deltatime: 0.016000
16:33:51 : INFO | FPS: 62, deltatime: 0.016000
16:33:51 : INFO | FPS: 62, deltatime: 0.016000
16:33:51 : INFO | FPS: 62, deltatime: 0.016000
16:33:51 : INFO | FPS: 62, deltatime: 0.016000
16:33:51 : INFO | FPS: 62, deltatime: 0.016000
16:33:51 : INFO | FPS: 62, deltatime: 0.016000
16:33:51 : INFO | FPS: 62, deltatime: 0.016000
16:33:51 : INFO | FPS: 62, deltatime: 0.016000
16:33:51 : INFO | FPS: 62, deltatime: 0.016000
16:33:51 : INFO | FPS: 62, deltatime: 0.016000
16:33:51 : INFO | FPS: 62, deltatime: 0.016000
16:33:51 : INFO | FPS: 62, deltatime: 0.016000
16:33:51 : INFO | FPS: 62, deltatime: 0.016000
16:33:51 : INFO | FPS: 62, deltatime: 0.016000
16:33:51 : INFO | FPS: 62, deltatime: 0.016000
16:33:51 : INFO | FPS: 62, deltatime: 0.016000
16:33:51 : INFO | FPS: 62, deltatime: 0.016000
16:33:51 : INFO | FPS: 62, deltatime: 0.016000
16:33:51 : INFO | FPS: 62, deltatime: 0.016000
16:33:51 : INFO | FPS: 62, deltatime: 0.016000
16:33:51 : INFO | FPS: 62, deltatime: 0.016000
16:33:51 : INFO | FPS: 62, deltatime: 0.016000
16:33:51 : INFO | FPS: 62, deltatime: 0.016000
16:33:51 : INFO | FPS: 62, deltatime: 0.016000
16:33:51 : INFO | FPS: 62, deltatime: 0.016000
16:33:51 : INFO | FPS: 62, deltatime: 0.016000
16:33:51 : INFO | FPS: 62, deltatime: 0.016000
16:33:51 : INFO | FPS: 62, deltatime: 0.016000
16:33:51 : INFO | FPS: 62, deltatime: 0.016000
16:33:51 : INFO | FPS: 62, deltatime: 0.016000
16:33:52 : INFO | FPS: 62, deltatime: 0.016000
16:33:52 : INFO | FPS: 62, deltatime: 0.016000
16:33:52 : INFO | FPS: 62, deltatime: 0.016000
16:33:52 : INFO | FPS: 62, deltatime: 0.016000
16:33:52 : INFO | FPS: 62, deltatime: 0.016000
16:33:52 : INFO | FPS: 62, deltatime: 0.016000
16:33:52 : INFO | FPS: 62, deltatime: 0.016000
16:33:52 : INFO | FPS: 62, deltatime: 0.016000
16:33:52 : INFO | FPS: 62, deltatime: 0.016000
16:33:52 : INFO | FPS: 62, deltatime: 0.016000
16:33:52 : INFO | FPS: 62, deltatime: 0.016000
16:33:52 : INFO | FPS: 62, deltatime: 0.016000
16:33:52 : INFO | FPS: 62, deltatime: 0.016000
16:33:52 : INFO | FPS: 62, deltatime: 0.016000
16:33:52 : INFO | FPS: 62, deltatime: 0.016000
16:33:52 : INFO | FPS: 62, deltatime: 0.016000
16:33:52 : INFO | FPS: 62, deltatime: 0.016000
16:33:52 : INFO | FPS: 62, deltatime: 0.016000
16:33:52 : INFO | FPS: 62, deltatime: 0.016000
16:33:52 : INFO | FPS: 62, deltatime: 0.016000
16:33:52 : INFO | FPS: 62, deltatime: 0.016000
16:33:52 : INFO | FPS: 62, deltatime: 0.016000
16:33:52 : INFO | FPS: 62, deltatime: 0.016000
16:33:52 : INFO | FPS: 62, deltatime: 0.016000
16:33:52 : INFO | FPS: 62, deltatime: 0.016000
16:33:52 : INFO | FPS: 62, deltatime: 0.016000
16:33:52 : INFO | FPS: 62, deltatime: 0.016000
16:33:52 : INFO | FPS: 62, deltatime: 0.016000
16:33:52 : INFO | FPS: 62, deltatime: 0.016000
16:33:52 : INFO | FPS: 62, deltatime: 0.016000
16:33:52 : INFO | FPS: 62, deltatime: 0.016000
16:33:52 : INFO | FPS: 62, deltatime: 0.016000
16:33:52 : INFO | FPS: 62, deltatime: 0.016000
16:33:52 : INFO | FPS: 62, deltatime: 0.016000
16:33:52 : INFO | FPS: 62, deltatime: 0.016000
16:33:52 : INFO | FPS: 62, deltatime: 0.016000
16:33:52 : INFO | FPS: 62, deltatime: 0.016000
16:33:52 : INFO | FPS: 62, deltatime: 0.016000
16:33:52 : INFO | FPS: 62, deltatime: 0.016000
16:33:52 : INFO | FPS: 62, deltatime: 0.016000
16:33:52 : INFO | FPS: 62, deltatime: 0.016000
16:33:52 : INFO | FPS: 62, deltatime: 0.016000
16:33:52 : INFO | FPS: 62, deltatime: 0.016000
16:33:52 : INFO | FPS: 62, deltatime: 0.016000
16:33:52 : INFO | FPS: 62, deltatime: 0.016000
16:33:52 : INFO | FPS: 62, deltatime: 0.016000
16:33:52 : INFO | FPS: 62, deltatime: 0.016000
16:33:52 : INFO | FPS: 62, deltatime: 0.016000
16:33:52 : INFO | FPS: 62, deltatime: 0.016000
16:33:52 : INFO | FPS: 62, deltatime: 0.016000
16:33:52 : INFO | FPS: 62, deltatime: 0.016000
16:33:52 : INFO | FPS: 62, deltatime: 0.016000
16:33:52 : INFO | FPS: 62, deltatime: 0.016000
16:33:53 : INFO | FPS: 62, deltatime: 0.016000
16:33:53 : INFO | FPS: 62, deltatime: 0.016000
16:33:53 : INFO | FPS: 62, deltatime: 0.016000
16:33:53 : INFO | FPS: 62, deltatime: 0.016000
16:33:53 : INFO | FPS: 62, deltatime: 0.016000
16:33:53 : INFO | FPS: 62, deltatime: 0.016000
16:33:53 : INFO | FPS: 62, deltatime: 0.016000
16:33:53 : INFO | FPS: 62, deltatime: 0.016000
16:33:53 : INFO | FPS: 62, deltatime: 0.016000
16:33:53 : INFO | FPS: 62, deltatime: 0.016000
16:33:53 : INFO | FPS: 62, deltatime: 0.016000
16:33:53 : INFO | FPS: 62, deltatime: 0.016000
16:33:53 : INFO | FPS: 62, deltatime: 0.016000
16:33:53 : INFO | FPS: 62, deltatime: 0.016000
16:33:53 : INFO | FPS: 62, deltatime: 0.016000
16:33:53 : INFO | FPS: 62, deltatime: 0.016000
16:33:53 : INFO | FPS: 62, deltatime: 0.016000
16:33:53 : INFO | FPS: 62, deltatime: 0.016000
16:33:53 : INFO | FPS: 62, deltatime: 0.016000
16:33:53 : INFO | FPS: 62, deltatime: 0.016000
16:33:53 : INFO | FPS: 62, deltatime: 0.016000
16:33:53 : INFO | FPS: 62, deltatime: 0.016000
16:33:53 : INFO | FPS: 62, deltatime: 0.016000
16:33:53 : INFO | FPS: 62, deltatime: 0.016000
16:33:53 : INFO | FPS: 62, deltatime: 0.016000
16:33:53 : INFO | FPS: 62, deltatime: 0.016000
16:33:53 : INFO | FPS: 62, deltatime: 0.016000
16:33:53 : INFO | FPS: 62, deltatime: 0.016000
16:33:53 : INFO | FPS: 62, deltatime: 0.016000
16:33:53 : INFO | FPS: 62, deltatime: 0.016000
16:33:53 : INFO | FPS: 62, deltatime: 0.016000
16:33:53 : INFO | FPS: 62, deltatime: 0.016000
16:33:53 : INFO | FPS: 62, deltatime: 0.016000
16:33:53 : INFO | FPS: 62, deltatime: 0.016000
16:33:53 : INFO | FPS: 62, deltatime: 0.016000
16:33:53 : INFO | FPS: 62, deltatime: 0.016000
16:33:53 : INFO | FPS: 62, deltatime: 0.016000
16:33:53 : INFO | FPS: 62, deltatime: 0.016000
16:33:53 : INFO | FPS: 62, deltatime: 0.016000
16:33:53 : INFO | FPS: 62, deltatime: 0.016000
16:33:53 : INFO | FPS: 62, deltatime: 0.016000
16:33:53 : INFO | FPS: 62, deltatime: 0.016000
16:33:53 : INFO | FPS: 62, deltatime: 0.016000
16:33:53 : INFO | FPS: 62, deltatime: 0.016000
16:33:53 : INFO | FPS: 62, deltatime: 0.016000
16:33:53 : INFO | FPS: 62, deltatime: 0.016000
16:33:53 : INFO | FPS: 62, deltatime: 0.016000
16:33:53 : INFO | FPS: 62, deltatime: 0.016000
16:33:53 : INFO | FPS: 62, deltatime: 0.016000
16:33:53 : INFO | FPS: 62, deltatime: 0.016000
16:33:53 : INFO | FPS: 62, deltatime: 0.016000
16:33:53 : INFO | FPS: 62, deltatime: 0.016000
16:33:53 : INFO | FPS: 62, deltatime: 0.016000
16:33:54 : INFO | FPS: 62, deltatime: 0.016000
16:33:54 : INFO | FPS: 62, deltatime: 0.016000
16:33:54 : INFO | FPS: 62, deltatime: 0.016000
16:33:54 : INFO | FPS: 62, deltatime: 0.016000
16:33:54 : INFO | FPS: 62, deltatime: 0.016000
16:33:54 : INFO | FPS: 62, deltatime: 0.016000
16:33:54 : INFO | FPS: 62, deltatime: 0.016000
16:33:54 : INFO | FPS: 62, deltatime: 0.016000
16:33:54 : INFO | FPS: 62, deltatime: 0.016000
16:33:54 : INFO | FPS: 62, deltatime: 0.016000
16:33:54 : INFO | FPS: 62, deltatime: 0.016000
16:33:54 : INFO | FPS: 62, deltatime: 0.016000
16:33:54 : INFO | FPS: 62, deltatime: 0.016000
16:33:54 : INFO | FPS: 62, deltatime: 0.016000
16:33:54 : INFO | FPS: 62, deltatime: 0.016000
16:33:54 : INFO | FPS: 62, deltatime: 0.016000
16:33:54 : INFO | FPS: 62, deltatime: 0.016000
16:33:54 : INFO | FPS: 62, deltatime: 0.016000
16:33:54 : INFO | FPS: 62, deltatime: 0.016000
16:33:54 : INFO | FPS: 62, deltatime: 0.016000
16:33:54 : INFO | FPS: 62, deltatime: 0.016000
16:33:54 : INFO | FPS: 62, deltatime: 0.016000
16:33:54 : INFO | FPS: 62, deltatime: 0.016000
16:33:54 : INFO | FPS: 62, deltatime: 0.016000
16:33:54 : INFO | FPS: 62, deltatime: 0.016000
16:33:54 : INFO | FPS: 62, deltatime: 0.016000
16:33:54 : INFO | FPS: 62, deltatime: 0.016000
16:33:54 : INFO | FPS: 62, deltatime: 0.016000
16:33:54 : INFO | FPS: 62, deltatime: 0.016000
16:33:54 : INFO | FPS: 62, deltatime: 0.016000
16:33:54 : INFO | FPS: 62, deltatime: 0.016000
16:33:54 : INFO | FPS: 62, deltatime: 0.016000
16:33:54 : INFO | FPS: 62, deltatime: 0.016000
16:33:54 : INFO | FPS: 62, deltatime: 0.016000
16:33:54 : INFO | FPS: 62, deltatime: 0.016000
16:33:54 : INFO | FPS: 62, deltatime: 0.016000
16:33:54 : INFO | FPS: 62, deltatime: 0.016000
16:33:54 : INFO | FPS: 62, deltatime: 0.016000
16:33:54 : INFO | FPS: 62, deltatime: 0.016000
16:33:54 : INFO | FPS: 62, deltatime: 0.016000
16:33:54 : INFO | FPS: 62, deltatime: 0.016000
16:33:54 : INFO | FPS: 62, deltatime: 0.016000
16:33:54 : INFO | FPS: 62, deltatime: 0.016000
16:33:54 : INFO | FPS: 62, deltatime: 0.016000
16:33:54 : INFO | FPS: 62, deltatime: 0.016000
16:33:54 : INFO | FPS: 62, deltatime: 0.016000
16:33:54 : INFO | FPS: 62, deltatime: 0.016000
16:33:54 : INFO | FPS: 62, deltatime: 0.016000
16:33:54 : INFO | FPS: 62, deltatime: 0.016000
16:33:54 : INFO | FPS: 62, deltatime: 0.016000
16:33:54 : INFO | FPS: 62, deltatime: 0.016000
16:33:54 : INFO | FPS: 62, deltatime: 0.016000
16:33:54 : INFO | FPS: 62, deltatime: 0.016000
16:33:54 : INFO | FPS: 62, deltatime: 0.016000
16:33:54 : INFO | FPS: 62, deltatime: 0.016000
16:33:54 : INFO | FPS: 62, deltatime: 0.016000
16:33:54 : INFO | FPS: 62, deltatime: 0.016000
16:33:55 : INFO | FPS: 62, deltatime: 0.016000
16:33:55 : INFO | FPS: 62, deltatime: 0.016000
16:33:55 : INFO | FPS: 62, deltatime: 0.016000
16:33:55 : INFO | FPS: 62, deltatime: 0.016000
16:33:55 : INFO | FPS: 62, deltatime: 0.016000
16:33:55 : INFO | FPS: 62, deltatime: 0.016000
16:33:55 : INFO | FPS: 62, deltatime: 0.016000
16:33:55 : INFO | FPS: 62, deltatime: 0.016000
16:33:55 : INFO | FPS: 62, deltatime: 0.016000
16:33:55 : INFO | FPS: 62, deltatime: 0.016000
16:33:55 : INFO | FPS: 62, deltatime: 0.016000
16:33:55 : INFO | FPS: 62, deltatime: 0.016000
16:33:55 : DEBUG | In component 'MobNM': Ref named 'manager': has missing value or not found
16:33:55 : DEBUG | Spawning mob with id : 51f623482e
16:33:55 : INFO | FPS: 62, deltatime: 0.016000
16:33:55 : INFO | FPS: 62, deltatime: 0.016000
16:33:55 : INFO | FPS: 62, deltatime: 0.016000
16:33:55 : INFO | FPS: 62, deltatime: 0.016000
16:33:55 : INFO | FPS: 62, deltatime: 0.016000
16:33:55 : INFO | FPS: 62, deltatime: 0.016000
16:33:55 : INFO | FPS: 62, deltatime: 0.016000
16:33:55 : INFO | FPS: 62, deltatime: 0.016000
16:33:55 : INFO | FPS: 62, deltatime: 0.016000
16:33:55 : INFO | FPS: 62, deltatime: 0.016000
16:33:55 : INFO | FPS: 62, deltatime: 0.016000
16:33:55 : INFO | FPS: 62, deltatime: 0.016000
16:33:55 : INFO | FPS: 62, deltatime: 0.016000
16:33:55 : INFO | FPS: 62, deltatime: 0.016000
16:33:55 : INFO | FPS: 62, deltatime: 0.016000
16:33:55 : INFO | FPS: 62, deltatime: 0.016000
16:33:55 : INFO | FPS: 62, deltatime: 0.016000
16:33:55 : INFO | FPS: 62, deltatime: 0.016000
16:33:55 : INFO | FPS: 62, deltatime: 0.016000
16:33:55 : INFO | FPS: 62, deltatime: 0.016000
16:33:55 : INFO | FPS: 62, deltatime: 0.016000
16:33:55 : INFO | FPS: 62, deltatime: 0.016000
16:33:55 : INFO | FPS: 62, deltatime: 0.016000
16:33:55 : INFO | FPS: 62, deltatime: 0.016000
16:33:55 : INFO | FPS: 62, deltatime: 0.016000
16:33:55 : INFO | FPS: 62, deltatime: 0.016000
16:33:55 : INFO | FPS: 62, deltatime: 0.016000
16:33:55 : INFO | FPS: 62, deltatime: 0.016000
16:33:55 : INFO | FPS: 62, deltatime: 0.016000
16:33:55 : INFO | FPS: 62, deltatime: 0.016000
16:33:55 : INFO | FPS: 62, deltatime: 0.016000
16:33:55 : INFO | FPS: 62, deltatime: 0.016000
16:33:55 : INFO | FPS: 62, deltatime: 0.016000
16:33:55 : INFO | FPS: 62, deltatime: 0.016000
16:33:55 : INFO | FPS: 62, deltatime: 0.016000
16:33:55 : INFO | FPS: 62, deltatime: 0.016000
16:33:55 : INFO | FPS: 62, deltatime: 0.016000
16:33:55 : INFO | FPS: 62, deltatime: 0.016000
16:33:55 : INFO | FPS: 62, deltatime: 0.016000
16:33:55 : INFO | FPS: 62, deltatime: 0.016000
16:33:55 : INFO | FPS: 62, deltatime: 0.016000
16:33:55 : INFO | FPS: 62, deltatime: 0.016000
16:33:55 : INFO | FPS: 62, deltatime: 0.016000
16:33:55 : INFO | FPS: 62, deltatime: 0.016000
16:33:56 : INFO | FPS: 62, deltatime: 0.016000
16:33:56 : INFO | FPS: 62, deltatime: 0.016000
16:33:56 : INFO | FPS: 62, deltatime: 0.016000
16:33:56 : INFO | FPS: 62, deltatime: 0.016000
16:33:56 : INFO | FPS: 62, deltatime: 0.016000
16:33:56 : INFO | FPS: 62, deltatime: 0.016000
16:33:56 : INFO | FPS: 62, deltatime: 0.016000
16:33:56 : INFO | FPS: 62, deltatime: 0.016000
16:33:56 : INFO | FPS: 62, deltatime: 0.016000
16:33:56 : INFO | FPS: 62, deltatime: 0.016000
16:33:56 : INFO | FPS: 62, deltatime: 0.016000
16:33:56 : INFO | FPS: 62, deltatime: 0.016000
16:33:56 : INFO | FPS: 62, deltatime: 0.016000
16:33:56 : INFO | FPS: 62, deltatime: 0.016000
16:33:56 : INFO | FPS: 62, deltatime: 0.016000
16:33:56 : INFO | FPS: 62, deltatime: 0.016000
16:33:56 : INFO | FPS: 62, deltatime: 0.016000
16:33:56 : INFO | FPS: 62, deltatime: 0.016000
16:33:56 : INFO | FPS: 62, deltatime: 0.016000
16:33:56 : INFO | FPS: 62, deltatime: 0.016000
16:33:56 : INFO | FPS: 62, deltatime: 0.016000
16:33:56 : INFO | FPS: 62, deltatime: 0.016000
16:33:56 : INFO | FPS: 62, deltatime: 0.016000
16:33:56 : INFO | FPS: 62, deltatime: 0.016000
16:33:56 : INFO | FPS: 62, deltatime: 0.016000
16:33:56 : INFO | FPS: 62, deltatime: 0.016000
16:33:56 : INFO | FPS: 62, deltatime: 0.016000
16:33:56 : INFO | FPS: 62, deltatime: 0.016000
16:33:56 : INFO | FPS: 62, deltatime: 0.016000
16:33:56 : INFO | FPS: 62, deltatime: 0.016000
16:33:56 : INFO | FPS: 62, deltatime: 0.016000
16:33:56 : INFO | FPS: 62, deltatime: 0.016000
16:33:56 : INFO | FPS: 62, deltatime: 0.016000
16:33:56 : INFO | FPS: 62, deltatime: 0.016000
16:33:56 : INFO | FPS: 62, deltatime: 0.016000
16:33:56 : INFO | FPS: 62, deltatime: 0.016000
16:33:56 : INFO | FPS: 62, deltatime: 0.016000
16:33:56 : INFO | FPS: 62, deltatime: 0.016000
16:33:56 : INFO | FPS: 62, deltatime: 0.016000
16:33:56 : INFO | FPS: 62, deltatime: 0.016000
16:33:56 : INFO | FPS: 62, deltatime: 0.016000
16:33:56 : INFO | FPS: 62, deltatime: 0.016000
16:33:56 : INFO | FPS: 62, deltatime: 0.016000
16:33:56 : INFO | FPS: 62, deltatime: 0.016000
16:33:56 : INFO | FPS: 62, deltatime: 0.016000
16:33:56 : INFO | FPS: 62, deltatime: 0.016000
16:33:56 : INFO | FPS: 62, deltatime: 0.016000
16:33:56 : INFO | FPS: 62, deltatime: 0.016000
16:33:56 : INFO | FPS: 62, deltatime: 0.016000
16:33:56 : INFO | FPS: 62, deltatime: 0.016000
16:33:56 : INFO | FPS: 62, deltatime: 0.016000
16:33:56 : INFO | FPS: 62, deltatime: 0.016000
16:33:57 : INFO | FPS: 62, deltatime: 0.016000
16:33:57 : INFO | FPS: 62, deltatime: 0.016000
16:33:57 : INFO | FPS: 62, deltatime: 0.016000
16:33:57 : INFO | FPS: 62, deltatime: 0.016000
16:33:57 : INFO | FPS: 62, deltatime: 0.016000
16:33:57 : INFO | FPS: 62, deltatime: 0.016000
16:33:57 : INFO | FPS: 62, deltatime: 0.016000
16:33:57 : INFO | FPS: 62, deltatime: 0.016000
16:33:57 : INFO | FPS: 62, deltatime: 0.016000
16:33:57 : INFO | FPS: 62, deltatime: 0.016000
16:33:57 : INFO | FPS: 62, deltatime: 0.016000
16:33:57 : INFO | FPS: 62, deltatime: 0.016000
16:33:57 : INFO | FPS: 62, deltatime: 0.016000
16:33:57 : INFO | FPS: 62, deltatime: 0.016000
16:33:57 : INFO | FPS: 62, deltatime: 0.016000
16:33:57 : INFO | FPS: 62, deltatime: 0.016000
16:33:57 : INFO | FPS: 62, deltatime: 0.016000
16:33:57 : INFO | FPS: 62, deltatime: 0.016000
16:33:57 : INFO | FPS: 62, deltatime: 0.016000
16:33:57 : INFO | FPS: 62, deltatime: 0.016000
16:33:57 : INFO | FPS: 62, deltatime: 0.016000
16:33:57 : INFO | FPS: 62, deltatime: 0.016000
16:33:57 : INFO | FPS: 62, deltatime: 0.016000
16:33:57 : INFO | FPS: 62, deltatime: 0.016000
16:33:57 : INFO | FPS: 62, deltatime: 0.016000
16:33:57 : INFO | FPS: 62, deltatime: 0.016000
16:33:57 : INFO | FPS: 62, deltatime: 0.016000
16:33:57 : INFO | FPS: 62, deltatime: 0.016000
16:33:57 : INFO | FPS: 62, deltatime: 0.016000
16:33:57 : INFO | FPS: 62, deltatime: 0.016000
16:33:57 : INFO | FPS: 62, deltatime: 0.016000
16:33:57 : INFO | FPS: 62, deltatime: 0.016000
16:33:57 : INFO | FPS: 62, deltatime: 0.016000
16:33:57 : INFO | FPS: 62, deltatime: 0.016000
16:33:57 : INFO | FPS: 62, deltatime: 0.016000
16:33:57 : INFO | FPS: 62, deltatime: 0.016000
16:33:57 : INFO | FPS: 62, deltatime: 0.016000
16:33:57 : INFO | FPS: 62, deltatime: 0.016000
16:33:57 : INFO | FPS: 62, deltatime: 0.016000
16:33:57 : INFO | FPS: 62, deltatime: 0.016000
16:33:57 : INFO | FPS: 62, deltatime: 0.016000
16:33:57 : INFO | FPS: 62, deltatime: 0.016000
16:33:57 : INFO | FPS: 62, deltatime: 0.016000
16:33:57 : INFO | FPS: 62, deltatime: 0.016000
16:33:57 : INFO | FPS: 62, deltatime: 0.016000
16:33:57 : INFO | FPS: 62, deltatime: 0.016000
16:33:57 : INFO | FPS: 62, deltatime: 0.016000
16:33:57 : INFO | FPS: 62, deltatime: 0.016000
16:33:57 : INFO | FPS: 62, deltatime: 0.016000
16:33:57 : INFO | FPS: 62, deltatime: 0.016000
16:33:57 : INFO | FPS: 62, deltatime: 0.016000
16:33:57 : INFO | FPS: 62, deltatime: 0.016000
16:33:57 : INFO | FPS: 62, deltatime: 0.016000
16:33:58 : INFO | FPS: 62, deltatime: 0.016000
16:33:58 : INFO | FPS: 62, deltatime: 0.016000
16:33:58 : INFO | FPS: 62, deltatime: 0.016000
16:33:58 : INFO | FPS: 62, deltatime: 0.016000
16:33:58 : INFO | FPS: 62, deltatime: 0.016000
16:33:58 : INFO | FPS: 62, deltatime: 0.016000
16:33:58 : INFO | FPS: 62, deltatime: 0.016000
16:33:58 : INFO | FPS: 62, deltatime: 0.016000
16:33:58 : INFO | FPS: 62, deltatime: 0.016000
16:33:58 : INFO | FPS: 62, deltatime: 0.016000
16:33:58 : INFO | FPS: 62, deltatime: 0.016000
16:33:58 : INFO | FPS: 62, deltatime: 0.016000
16:33:58 : INFO | FPS: 62, deltatime: 0.016000
16:33:58 : INFO | FPS: 62, deltatime: 0.016000
16:33:58 : INFO | FPS: 62, deltatime: 0.016000
16:33:58 : INFO | FPS: 62, deltatime: 0.016000
16:33:58 : INFO | FPS: 62, deltatime: 0.016000
16:33:58 : INFO | FPS: 62, deltatime: 0.016000
16:33:58 : INFO | FPS: 62, deltatime: 0.016000
16:33:58 : INFO | FPS: 62, deltatime: 0.016000
16:33:58 : INFO | FPS: 62, deltatime: 0.016000
16:33:58 : INFO | FPS: 62, deltatime: 0.016000
16:33:58 : INFO | FPS: 62, deltatime: 0.016000
16:33:58 : INFO | FPS: 62, deltatime: 0.016000
16:33:58 : INFO | FPS: 62, deltatime: 0.016000
16:33:58 : INFO | FPS: 62, deltatime: 0.016000
16:33:58 : INFO | FPS: 62, deltatime: 0.016000
16:33:58 : INFO | FPS: 62, deltatime: 0.016000
16:33:58 : INFO | FPS: 62, deltatime: 0.016000
16:33:58 : INFO | FPS: 62, deltatime: 0.016000
16:33:58 : INFO | FPS: 62, deltatime: 0.016000
16:33:58 : INFO | FPS: 62, deltatime: 0.016000
16:33:58 : INFO | FPS: 62, deltatime: 0.016000
16:33:58 : INFO | FPS: 62, deltatime: 0.016000
16:33:58 : INFO | FPS: 62, deltatime: 0.016000
16:33:58 : INFO | FPS: 62, deltatime: 0.016000
16:33:58 : INFO | FPS: 62, deltatime: 0.016000
16:33:58 : INFO | FPS: 62, deltatime: 0.016000
16:33:58 : INFO | FPS: 62, deltatime: 0.016000
16:33:58 : INFO | FPS: 62, deltatime: 0.016000
16:33:58 : INFO | FPS: 62, deltatime: 0.016000
16:33:58 : INFO | FPS: 62, deltatime: 0.016000
16:33:58 : INFO | FPS: 62, deltatime: 0.016000
16:33:58 : INFO | FPS: 62, deltatime: 0.016000
16:33:58 : INFO | FPS: 62, deltatime: 0.016000
16:33:58 : INFO | FPS: 62, deltatime: 0.016000
16:33:58 : INFO | FPS: 62, deltatime: 0.016000
16:33:58 : INFO | FPS: 62, deltatime: 0.016000
16:33:58 : INFO | FPS: 62, deltatime: 0.016000
16:33:58 : INFO | FPS: 62, deltatime: 0.016000
16:33:58 : INFO | FPS: 62, deltatime: 0.016000
16:33:58 : INFO | FPS: 62, deltatime: 0.016000
16:33:58 : INFO | FPS: 62, deltatime: 0.016000
16:33:58 : INFO | FPS: 62, deltatime: 0.016000
16:33:58 : INFO | FPS: 62, deltatime: 0.016000
16:33:58 : INFO | FPS: 62, deltatime: 0.016000
16:33:58 : INFO | FPS: 62, deltatime: 0.016000
16:33:59 : INFO | FPS: 62, deltatime: 0.016000
16:33:59 : INFO | FPS: 62, deltatime: 0.016000
16:33:59 : INFO | FPS: 62, deltatime: 0.016000
16:33:59 : INFO | FPS: 62, deltatime: 0.016000
16:33:59 : INFO | FPS: 62, deltatime: 0.016000
16:33:59 : INFO | FPS: 62, deltatime: 0.016000
16:33:59 : INFO | FPS: 62, deltatime: 0.016000
16:33:59 : INFO | FPS: 62, deltatime: 0.016000
16:33:59 : INFO | FPS: 62, deltatime: 0.016000
16:33:59 : INFO | FPS: 62, deltatime: 0.016000
16:33:59 : INFO | FPS: 62, deltatime: 0.016000
16:33:59 : INFO | FPS: 62, deltatime: 0.016000
16:33:59 : INFO | FPS: 62, deltatime: 0.016000
16:33:59 : INFO | FPS: 62, deltatime: 0.016000
16:33:59 : INFO | FPS: 62, deltatime: 0.016000
16:33:59 : INFO | FPS: 62, deltatime: 0.016000
16:33:59 : INFO | FPS: 62, deltatime: 0.016000
16:33:59 : INFO | FPS: 62, deltatime: 0.016000
16:33:59 : INFO | FPS: 62, deltatime: 0.016000
16:33:59 : INFO | FPS: 62, deltatime: 0.016000
16:33:59 : INFO | FPS: 62, deltatime: 0.016000
16:33:59 : INFO | FPS: 62, deltatime: 0.016000
16:33:59 : INFO | FPS: 62, deltatime: 0.016000
16:33:59 : INFO | FPS: 62, deltatime: 0.016000
16:33:59 : INFO | FPS: 62, deltatime: 0.016000
16:33:59 : INFO | FPS: 62, deltatime: 0.016000
16:33:59 : INFO | FPS: 62, deltatime: 0.016000
16:33:59 : INFO | FPS: 62, deltatime: 0.016000
16:33:59 : INFO | FPS: 62, deltatime: 0.016000
16:33:59 : INFO | FPS: 62, deltatime: 0.016000
16:33:59 : INFO | FPS: 62, deltatime: 0.016000
16:33:59 : INFO | FPS: 62, deltatime: 0.016000
16:33:59 : INFO | FPS: 62, deltatime: 0.016000
16:33:59 : INFO | FPS: 62, deltatime: 0.016000
16:33:59 : INFO | FPS: 62, deltatime: 0.016000
16:33:59 : INFO | FPS: 62, deltatime: 0.016000
16:33:59 : INFO | FPS: 62, deltatime: 0.016000
16:33:59 : INFO | FPS: 62, deltatime: 0.016000
16:33:59 : INFO | FPS: 62, deltatime: 0.016000
16:33:59 : INFO | FPS: 62, deltatime: 0.016000
16:33:59 : INFO | FPS: 62, deltatime: 0.016000
16:33:59 : INFO | FPS: 62, deltatime: 0.016000
16:33:59 : INFO | FPS: 62, deltatime: 0.016000
16:33:59 : INFO | FPS: 62, deltatime: 0.016000
16:33:59 : INFO | FPS: 62, deltatime: 0.016000
16:33:59 : INFO | FPS: 62, deltatime: 0.016000
16:33:59 : INFO | FPS: 62, deltatime: 0.016000
16:33:59 : INFO | FPS: 62, deltatime: 0.016000
16:33:59 : INFO | FPS: 62, deltatime: 0.016000
16:33:59 : INFO | FPS: 62, deltatime: 0.016000
16:33:59 : INFO | FPS: 62, deltatime: 0.016000
16:33:59 : INFO | FPS: 62, deltatime: 0.016000
16:33:59 : INFO | FPS: 62, deltatime: 0.016000
16:34:00 : INFO | FPS: 62, deltatime: 0.016000
16:34:00 : INFO | FPS: 62, deltatime: 0.016000
16:34:00 : INFO | FPS: 62, deltatime: 0.016000
16:34:00 : INFO | FPS: 62, deltatime: 0.016000
16:34:00 : INFO | FPS: 62, deltatime: 0.016000
16:34:00 : INFO | FPS: 62, deltatime: 0.016000
16:34:00 : INFO | FPS: 62, deltatime: 0.016000
16:34:00 : INFO | FPS: 62, deltatime: 0.016000
16:34:00 : INFO | FPS: 62, deltatime: 0.016000
16:34:00 : INFO | FPS: 62, deltatime: 0.016000
16:34:00 : INFO | FPS: 62, deltatime: 0.016000
16:34:00 : INFO | FPS: 62, deltatime: 0.016000
16:34:00 : INFO | FPS: 62, deltatime: 0.016000
16:34:00 : INFO | FPS: 62, deltatime: 0.016000
16:34:00 : INFO | FPS: 62, deltatime: 0.016000
16:34:00 : INFO | FPS: 62, deltatime: 0.016000
16:34:00 : INFO | FPS: 62, deltatime: 0.016000
16:34:00 : INFO | FPS: 62, deltatime: 0.016000
16:34:00 : INFO | FPS: 62, deltatime: 0.016000
16:34:00 : INFO | FPS: 62, deltatime: 0.016000
16:34:00 : INFO | FPS: 62, deltatime: 0.016000
16:34:00 : INFO | FPS: 62, deltatime: 0.016000
16:34:00 : INFO | FPS: 62, deltatime: 0.016000
16:34:00 : INFO | FPS: 62, deltatime: 0.016000
16:34:00 : INFO | FPS: 62, deltatime: 0.016000
16:34:00 : INFO | FPS: 62, deltatime: 0.016000
16:34:00 : INFO | FPS: 62, deltatime: 0.016000
16:34:00 : INFO | FPS: 62, deltatime: 0.016000
16:34:00 : INFO | FPS: 62, deltatime: 0.016000
16:34:00 : INFO | FPS: 62, deltatime: 0.016000
16:34:00 : INFO | FPS: 62, deltatime: 0.016000
16:34:00 : INFO | FPS: 62, deltatime: 0.016000
16:34:00 : INFO | FPS: 62, deltatime: 0.016000
16:34:00 : INFO | FPS: 62, deltatime: 0.016000
16:34:00 : INFO | FPS: 62, deltatime: 0.016000
16:34:00 : INFO | FPS: 62, deltatime: 0.016000
16:34:00 : INFO | FPS: 62, deltatime: 0.016000
16:34:00 : INFO | FPS: 62, deltatime: 0.016000
16:34:00 : INFO | FPS: 62, deltatime: 0.016000
16:34:00 : INFO | FPS: 62, deltatime: 0.016000
16:34:00 : INFO | FPS: 62, deltatime: 0.016000
16:34:00 : INFO | FPS: 62, deltatime: 0.016000
16:34:00 : INFO | FPS: 62, deltatime: 0.016000
16:34:00 : INFO | FPS: 62, deltatime: 0.016000
16:34:00 : INFO | FPS: 62, deltatime: 0.016000
16:34:00 : INFO | FPS: 62, deltatime: 0.016000
16:34:00 : INFO | FPS: 62, deltatime: 0.016000
16:34:00 : INFO | FPS: 62, deltatime: 0.016000
16:34:00 : INFO | FPS: 62, deltatime: 0.016000
16:34:00 : INFO | FPS: 62, deltatime: 0.016000
16:34:00 : INFO | FPS: 62, deltatime: 0.016000
16:34:00 : INFO | FPS: 62, deltatime: 0.016000
16:34:00 : INFO | FPS: 62, deltatime: 0.016000
16:34:00 : INFO | FPS: 62, deltatime: 0.016000
16:34:01 : INFO | FPS: 62, deltatime: 0.016000
16:34:01 : INFO | FPS: 62, deltatime: 0.016000
16:34:01 : INFO | FPS: 62, deltatime: 0.016000
16:34:01 : INFO | FPS: 62, deltatime: 0.016000
16:34:01 : INFO | FPS: 62, deltatime: 0.016000
16:34:01 : INFO | FPS: 62, deltatime: 0.016000
16:34:01 : INFO | FPS: 62, deltatime: 0.016000
16:34:01 : INFO | FPS: 62, deltatime: 0.016000
16:34:01 : INFO | FPS: 62, deltatime: 0.016000
16:34:01 : INFO | FPS: 62, deltatime: 0.016000
16:34:01 : INFO | FPS: 62, deltatime: 0.016000
16:34:01 : INFO | FPS: 62, deltatime: 0.016000
16:34:01 : INFO | FPS: 62, deltatime: 0.016000
16:34:01 : INFO | FPS: 62, deltatime: 0.016000
16:34:01 : INFO | FPS: 62, deltatime: 0.016000
16:34:01 : INFO | FPS: 62, deltatime: 0.016000
16:34:01 : INFO | FPS: 62, deltatime: 0.016000
16:34:01 : INFO | FPS: 62, deltatime: 0.016000
16:34:01 : INFO | FPS: 62, deltatime: 0.016000
16:34:01 : INFO | FPS: 62, deltatime: 0.016000
16:34:01 : INFO | FPS: 62, deltatime: 0.016000
16:34:01 : INFO | FPS: 62, deltatime: 0.016000
16:34:01 : INFO | FPS: 62, deltatime: 0.016000
16:34:01 : INFO | FPS: 62, deltatime: 0.016000
16:34:01 : INFO | FPS: 62, deltatime: 0.016000
16:34:01 : INFO | FPS: 62, deltatime: 0.016000
16:34:01 : INFO | FPS: 62, deltatime: 0.016000
16:34:01 : INFO | FPS: 62, deltatime: 0.016000
16:34:01 : INFO | FPS: 62, deltatime: 0.016000
16:34:01 : INFO | FPS: 62, deltatime: 0.016000
16:34:01 : INFO | FPS: 62, deltatime: 0.016000
16:34:01 : INFO | FPS: 62, deltatime: 0.016000
16:34:01 : INFO | FPS: 62, deltatime: 0.016000
16:34:01 : INFO | FPS: 62, deltatime: 0.016000
16:34:01 : INFO | FPS: 62, deltatime: 0.016000
16:34:01 : INFO | FPS: 62, deltatime: 0.016000
16:34:01 : INFO | FPS: 62, deltatime: 0.016000
16:34:01 : INFO | FPS: 62, deltatime: 0.016000
16:34:01 : INFO | FPS: 62, deltatime: 0.016000
16:34:01 : INFO | FPS: 62, deltatime: 0.016000
16:34:01 : INFO | FPS: 62, deltatime: 0.016000
16:34:01 : INFO | FPS: 62, deltatime: 0.016000
16:34:01 : INFO | FPS: 62, deltatime: 0.016000
16:34:01 : INFO | FPS: 62, deltatime: 0.016000
16:34:01 : INFO | FPS: 62, deltatime: 0.016000
16:34:01 : INFO | FPS: 62, deltatime: 0.016000
16:34:01 : INFO | FPS: 62, deltatime: 0.016000
16:34:01 : INFO | FPS: 62, deltatime: 0.016000
16:34:01 : INFO | FPS: 62, deltatime: 0.016000
16:34:01 : INFO | FPS: 62, deltatime: 0.016000
16:34:02 : INFO | FPS: 62, deltatime: 0.016000
16:34:02 : INFO | FPS: 62, deltatime: 0.016000
16:34:02 : INFO | FPS: 62, deltatime: 0.016000
16:34:02 : INFO | FPS: 62, deltatime: 0.016000
16:34:02 : INFO | FPS: 62, deltatime: 0.016000
16:34:02 : INFO | FPS: 62, deltatime: 0.016000
16:34:02 : INFO | FPS: 62, deltatime: 0.016000
16:34:02 : INFO | FPS: 62, deltatime: 0.016000
16:34:02 : INFO | FPS: 62, deltatime: 0.016000
16:34:02 : INFO | FPS: 62, deltatime: 0.016000
16:34:02 : INFO | FPS: 62, deltatime: 0.016000
16:34:02 : INFO | FPS: 62, deltatime: 0.016000
16:34:02 : INFO | FPS: 62, deltatime: 0.016000
16:34:02 : INFO | FPS: 62, deltatime: 0.016000
16:34:02 : INFO | FPS: 62, deltatime: 0.016000
16:34:02 : INFO | FPS: 62, deltatime: 0.016000
16:34:02 : INFO | FPS: 62, deltatime: 0.016000
16:34:02 : INFO | FPS: 62, deltatime: 0.016000
16:34:02 : INFO | FPS: 62, deltatime: 0.016000
16:34:02 : INFO | FPS: 62, deltatime: 0.016000
16:34:02 : INFO | FPS: 62, deltatime: 0.016000
16:34:02 : INFO | FPS: 62, deltatime: 0.016000
16:34:02 : INFO | FPS: 62, deltatime: 0.016000
16:34:02 : INFO | FPS: 62, deltatime: 0.016000
16:34:02 : INFO | FPS: 62, deltatime: 0.016000
16:34:02 : INFO | FPS: 62, deltatime: 0.016000
16:34:02 : INFO | FPS: 62, deltatime: 0.016000
16:34:02 : INFO | FPS: 62, deltatime: 0.016000
16:34:02 : INFO | FPS: 62, deltatime: 0.016000
16:34:02 : INFO | FPS: 62, deltatime: 0.016000
16:34:02 : INFO | FPS: 62, deltatime: 0.016000
16:34:02 : INFO | FPS: 62, deltatime: 0.016000
16:34:02 : INFO | FPS: 62, deltatime: 0.016000
16:34:02 : INFO | FPS: 62, deltatime: 0.016000
16:34:02 : INFO | FPS: 62, deltatime: 0.016000
16:34:02 : INFO | FPS: 62, deltatime: 0.016000
16:34:02 : INFO | FPS: 62, deltatime: 0.016000
16:34:02 : INFO | FPS: 62, deltatime: 0.016000
16:34:02 : INFO | FPS: 62, deltatime: 0.016000
16:34:02 : INFO | FPS: 62, deltatime: 0.016000
16:34:02 : INFO | FPS: 62, deltatime: 0.016000
16:34:02 : INFO | FPS: 62, deltatime: 0.016000
16:34:02 : INFO | FPS: 62, deltatime: 0.016000
16:34:02 : INFO | FPS: 62, deltatime: 0.016000
16:34:02 : INFO | FPS: 62, deltatime: 0.016000
16:34:02 : INFO | FPS: 62, deltatime: 0.016000
16:34:02 : INFO | FPS: 62, deltatime: 0.016000
16:34:02 : INFO | FPS: 62, deltatime: 0.016000
16:34:02 : INFO | FPS: 62, deltatime: 0.016000
16:34:02 : INFO | FPS: 62, deltatime: 0.016000
16:34:02 : INFO | FPS: 62, deltatime: 0.016000
16:34:02 : INFO | FPS: 62, deltatime: 0.016000
16:34:02 : INFO | FPS: 62, deltatime: 0.016000
16:34:03 : INFO | FPS: 62, deltatime: 0.016000
16:34:03 : INFO | FPS: 62, deltatime: 0.016000
16:34:03 : INFO | FPS: 62, deltatime: 0.016000
16:34:03 : INFO | FPS: 62, deltatime: 0.016000
16:34:03 : INFO | FPS: 62, deltatime: 0.016000
16:34:03 : INFO | FPS: 62, deltatime: 0.016000
16:34:03 : INFO | FPS: 62, deltatime: 0.016000
16:34:03 : INFO | FPS: 62, deltatime: 0.016000
16:34:03 : INFO | FPS: 62, deltatime: 0.016000
16:34:03 : INFO | FPS: 62, deltatime: 0.016000
16:34:03 : INFO | FPS: 62, deltatime: 0.016000
16:34:03 : INFO | FPS: 62, deltatime: 0.016000
16:34:03 : INFO | FPS: 62, deltatime: 0.016000
16:34:03 : INFO | FPS: 62, deltatime: 0.016000
16:34:03 : INFO | FPS: 62, deltatime: 0.016000
16:34:03 : INFO | FPS: 62, deltatime: 0.016000
16:34:03 : INFO | FPS: 62, deltatime: 0.016000
16:34:03 : INFO | FPS: 62, deltatime: 0.016000
16:34:03 : INFO | FPS: 62, deltatime: 0.016000
16:34:03 : INFO | FPS: 62, deltatime: 0.016000
16:34:03 : INFO | FPS: 62, deltatime: 0.016000
16:34:03 : INFO | FPS: 62, deltatime: 0.016000
16:34:03 : INFO | FPS: 62, deltatime: 0.016000
16:34:03 : INFO | FPS: 62, deltatime: 0.016000
16:34:03 : INFO | FPS: 62, deltatime: 0.016000
16:34:03 : INFO | FPS: 62, deltatime: 0.016000
16:34:03 : INFO | FPS: 62, deltatime: 0.016000
16:34:03 : INFO | FPS: 62, deltatime: 0.016000
16:34:03 : INFO | FPS: 62, deltatime: 0.016000
16:34:03 : INFO | FPS: 62, deltatime: 0.016000
16:34:03 : INFO | FPS: 62, deltatime: 0.016000
16:34:03 : INFO | FPS: 62, deltatime: 0.016000
16:34:03 : INFO | FPS: 62, deltatime: 0.016000
16:34:03 : INFO | FPS: 62, deltatime: 0.016000
16:34:03 : INFO | FPS: 62, deltatime: 0.016000
16:34:03 : INFO | FPS: 62, deltatime: 0.016000
16:34:03 : INFO | FPS: 62, deltatime: 0.016000
16:34:03 : INFO | FPS: 62, deltatime: 0.016000
16:34:03 : INFO | FPS: 62, deltatime: 0.016000
16:34:03 : INFO | FPS: 62, deltatime: 0.016000
16:34:03 : INFO | FPS: 62, deltatime: 0.016000
16:34:03 : INFO | FPS: 62, deltatime: 0.016000
16:34:03 : INFO | FPS: 62, deltatime: 0.016000
16:34:03 : INFO | FPS: 62, deltatime: 0.016000
16:34:03 : INFO | FPS: 62, deltatime: 0.016000
16:34:03 : INFO | FPS: 62, deltatime: 0.016000
16:34:03 : INFO | FPS: 62, deltatime: 0.016000
16:34:03 : INFO | FPS: 62, deltatime: 0.016000
16:34:03 : INFO | FPS: 62, deltatime: 0.016000
16:34:03 : INFO | FPS: 62, deltatime: 0.016000
16:34:03 : INFO | FPS: 62, deltatime: 0.016000
16:34:03 : INFO | FPS: 62, deltatime: 0.016000
16:34:03 : INFO | FPS: 62, deltatime: 0.016000
16:34:03 : INFO | FPS: 62, deltatime: 0.016000
16:34:03 : INFO | FPS: 62, deltatime: 0.016000
16:34:03 : INFO | FPS: 62, deltatime: 0.016000
16:34:04 : INFO | FPS: 62, deltatime: 0.016000
16:34:04 : INFO | FPS: 62, deltatime: 0.016000
16:34:04 : INFO | FPS: 62, deltatime: 0.016000
16:34:04 : INFO | FPS: 62, deltatime: 0.016000
16:34:04 : INFO | FPS: 62, deltatime: 0.016000
16:34:04 : INFO | FPS: 62, deltatime: 0.016000
16:34:04 : INFO | FPS: 62, deltatime: 0.016000
16:34:04 : INFO | FPS: 62, deltatime: 0.016000
16:34:04 : INFO | FPS: 62, deltatime: 0.016000
16:34:04 : INFO | FPS: 62, deltatime: 0.016000
16:34:04 : INFO | FPS: 62, deltatime: 0.016000
16:34:04 : INFO | FPS: 62, deltatime: 0.016000
16:34:04 : INFO | FPS: 62, deltatime: 0.016000
16:34:04 : INFO | FPS: 62, deltatime: 0.016000
16:34:04 : INFO | FPS: 62, deltatime: 0.016000
16:34:04 : INFO | FPS: 62, deltatime: 0.016000
16:34:04 : INFO | FPS: 62, deltatime: 0.016000
16:34:04 : INFO | FPS: 62, deltatime: 0.016000
16:34:04 : INFO | FPS: 62, deltatime: 0.016000
16:34:04 : INFO | FPS: 62, deltatime: 0.016000
16:34:04 : INFO | FPS: 62, deltatime: 0.016000
16:34:04 : INFO | FPS: 62, deltatime: 0.016000
16:34:04 : INFO | FPS: 62, deltatime: 0.016000
16:34:04 : INFO | FPS: 62, deltatime: 0.016000
16:34:04 : INFO | FPS: 62, deltatime: 0.016000
16:34:04 : INFO | FPS: 62, deltatime: 0.016000
16:34:04 : INFO | FPS: 62, deltatime: 0.016000
16:34:04 : INFO | FPS: 62, deltatime: 0.016000
16:34:04 : INFO | FPS: 62, deltatime: 0.016000
16:34:04 : INFO | FPS: 62, deltatime: 0.016000
16:34:04 : INFO | FPS: 62, deltatime: 0.016000
16:34:04 : INFO | FPS: 62, deltatime: 0.016000
16:34:04 : INFO | FPS: 62, deltatime: 0.016000
16:34:04 : INFO | FPS: 62, deltatime: 0.016000
16:34:04 : INFO | FPS: 62, deltatime: 0.016000
16:34:04 : INFO | FPS: 62, deltatime: 0.016000
16:34:04 : INFO | FPS: 62, deltatime: 0.016000
16:34:04 : INFO | FPS: 62, deltatime: 0.016000
16:34:04 : INFO | FPS: 62, deltatime: 0.016000
16:34:04 : INFO | FPS: 62, deltatime: 0.016000
16:34:04 : INFO | FPS: 62, deltatime: 0.016000
16:34:04 : INFO | FPS: 62, deltatime: 0.016000
16:34:04 : INFO | FPS: 62, deltatime: 0.016000
16:34:04 : INFO | FPS: 62, deltatime: 0.016000
16:34:04 : INFO | FPS: 62, deltatime: 0.016000
16:34:04 : INFO | FPS: 62, deltatime: 0.016000
16:34:04 : INFO | FPS: 62, deltatime: 0.016000
16:34:04 : INFO | FPS: 62, deltatime: 0.016000
16:34:04 : INFO | FPS: 62, deltatime: 0.016000
16:34:04 : INFO | FPS: 62, deltatime: 0.016000
16:34:04 : INFO | FPS: 62, deltatime: 0.016000
16:34:04 : INFO | FPS: 62, deltatime: 0.016000
16:34:04 : INFO | FPS: 62, deltatime: 0.016000
16:34:04 : INFO | FPS: 62, deltatime: 0.016000
16:34:04 : INFO | FPS: 62, deltatime: 0.016000
16:34:04 : INFO | FPS: 62, deltatime: 0.016000
16:34:04 : INFO | FPS: 62, deltatime: 0.016000
16:34:04 : INFO | FPS: 62, deltatime: 0.016000
16:34:04 : INFO | FPS: 62, deltatime: 0.016000
16:34:05 : INFO | FPS: 62, deltatime: 0.016000
16:34:05 : INFO | FPS: 62, deltatime: 0.016000
16:34:05 : INFO | FPS: 62, deltatime: 0.016000
16:34:05 : INFO | FPS: 62, deltatime: 0.016000
16:34:05 : INFO | FPS: 62, deltatime: 0.016000
16:34:05 : INFO | FPS: 62, deltatime: 0.016000
16:34:05 : INFO | FPS: 62, deltatime: 0.016000
16:34:05 : INFO | FPS: 62, deltatime: 0.016000
16:34:05 : INFO | FPS: 62, deltatime: 0.016000
16:34:05 : INFO | FPS: 62, deltatime: 0.016000
16:34:05 : INFO | FPS: 62, deltatime: 0.016000
16:34:05 : INFO | FPS: 62, deltatime: 0.016000
16:34:05 : INFO | FPS: 62, deltatime: 0.016000
16:34:05 : INFO | FPS: 62, deltatime: 0.016000
16:34:05 : INFO | FPS: 62, deltatime: 0.016000
16:34:05 : INFO | FPS: 62, deltatime: 0.016000
16:34:05 : INFO | FPS: 62, deltatime: 0.016000
16:34:05 : INFO | FPS: 62, deltatime: 0.016000
16:34:05 : INFO | FPS: 62, deltatime: 0.016000
16:34:05 : INFO | FPS: 62, deltatime: 0.016000
16:34:05 : INFO | FPS: 62, deltatime: 0.016000
16:34:05 : INFO | FPS: 62, deltatime: 0.016000
16:34:05 : INFO | FPS: 62, deltatime: 0.016000
16:34:05 : INFO | FPS: 62, deltatime: 0.016000
16:34:05 : INFO | FPS: 62, deltatime: 0.016000
16:34:05 : INFO | FPS: 62, deltatime: 0.016000
16:34:05 : INFO | FPS: 62, deltatime: 0.016000
16:34:05 : INFO | FPS: 62, deltatime: 0.016000
16:34:05 : INFO | FPS: 62, deltatime: 0.016000
16:34:05 : INFO | FPS: 62, deltatime: 0.016000
16:34:05 : INFO | FPS: 62, deltatime: 0.016000
16:34:05 : INFO | FPS: 62, deltatime: 0.016000
16:34:05 : INFO | FPS: 62, deltatime: 0.016000
16:34:05 : INFO | FPS: 62, deltatime: 0.016000
16:34:05 : INFO | FPS: 62, deltatime: 0.016000
16:34:05 : INFO | FPS: 62, deltatime: 0.016000
16:34:05 : INFO | FPS: 62, deltatime: 0.016000
16:34:05 : INFO | FPS: 62, deltatime: 0.016000
16:34:05 : INFO | FPS: 62, deltatime: 0.016000
16:34:05 : INFO | FPS: 62, deltatime: 0.016000
16:34:05 : INFO | FPS: 62, deltatime: 0.016000
16:34:05 : INFO | FPS: 62, deltatime: 0.016000
16:34:05 : INFO | FPS: 62, deltatime: 0.016000
16:34:05 : INFO | FPS: 62, deltatime: 0.016000
16:34:05 : INFO | FPS: 62, deltatime: 0.016000
16:34:05 : INFO | FPS: 62, deltatime: 0.016000
16:34:05 : INFO | FPS: 62, deltatime: 0.016000
16:34:05 : INFO | FPS: 62, deltatime: 0.016000
16:34:05 : INFO | FPS: 62, deltatime: 0.016000
16:34:05 : INFO | FPS: 62, deltatime: 0.016000
16:34:05 : INFO | FPS: 62, deltatime: 0.016000
16:34:05 : INFO | FPS: 62, deltatime: 0.016000
16:34:05 : INFO | FPS: 62, deltatime: 0.016000
16:34:05 : INFO | FPS: 62, deltatime: 0.016000
16:34:05 : INFO | FPS: 62, deltatime: 0.016000
16:34:05 : INFO | FPS: 62, deltatime: 0.016000
16:34:06 : INFO | FPS: 62, deltatime: 0.016000
16:34:06 : INFO | FPS: 62, deltatime: 0.016000
16:34:06 : INFO | FPS: 62, deltatime: 0.016000
16:34:06 : INFO | FPS: 62, deltatime: 0.016000
16:34:06 : INFO | FPS: 62, deltatime: 0.016000
16:34:06 : INFO | FPS: 62, deltatime: 0.016000
16:34:06 : INFO | FPS: 62, deltatime: 0.016000
16:34:06 : INFO | FPS: 62, deltatime: 0.016000
16:34:06 : INFO | FPS: 62, deltatime: 0.016000
16:34:06 : INFO | FPS: 62, deltatime: 0.016000
16:34:06 : INFO | FPS: 62, deltatime: 0.016000
16:34:06 : INFO | FPS: 62, deltatime: 0.016000
16:34:06 : INFO | FPS: 62, deltatime: 0.016000
16:34:06 : INFO | FPS: 62, deltatime: 0.016000
16:34:06 : INFO | FPS: 62, deltatime: 0.016000
16:34:06 : INFO | FPS: 62, deltatime: 0.016000
16:34:06 : INFO | FPS: 62, deltatime: 0.016000
16:34:06 : INFO | FPS: 62, deltatime: 0.016000
16:34:06 : INFO | FPS: 62, deltatime: 0.016000
16:34:06 : INFO | FPS: 62, deltatime: 0.016000
16:34:06 : INFO | FPS: 62, deltatime: 0.016000
16:34:06 : INFO | FPS: 62, deltatime: 0.016000
16:34:06 : INFO | FPS: 62, deltatime: 0.016000
16:34:06 : INFO | FPS: 62, deltatime: 0.016000
16:34:06 : INFO | FPS: 62, deltatime: 0.016000
16:34:06 : INFO | FPS: 62, deltatime: 0.016000
16:34:06 : INFO | FPS: 62, deltatime: 0.016000
16:34:06 : INFO | FPS: 62, deltatime: 0.016000
16:34:06 : INFO | FPS: 62, deltatime: 0.016000
16:34:06 : INFO | FPS: 62, deltatime: 0.016000
16:34:06 : INFO | FPS: 62, deltatime: 0.016000
16:34:06 : INFO | FPS: 62, deltatime: 0.016000
16:34:06 : INFO | FPS: 62, deltatime: 0.016000
16:34:06 : INFO | FPS: 62, deltatime: 0.016000
16:34:06 : INFO | FPS: 62, deltatime: 0.016000
16:34:06 : INFO | FPS: 62, deltatime: 0.016000
16:34:06 : INFO | FPS: 62, deltatime: 0.016000
16:34:06 : INFO | FPS: 62, deltatime: 0.016000
16:34:06 : INFO | FPS: 62, deltatime: 0.016000
16:34:06 : INFO | FPS: 62, deltatime: 0.016000
16:34:06 : INFO | FPS: 62, deltatime: 0.016000
16:34:06 : INFO | FPS: 62, deltatime: 0.016000
16:34:06 : INFO | FPS: 62, deltatime: 0.016000
16:34:06 : INFO | FPS: 62, deltatime: 0.016000
16:34:06 : INFO | FPS: 62, deltatime: 0.016000
16:34:06 : INFO | FPS: 62, deltatime: 0.016000
16:34:06 : INFO | FPS: 62, deltatime: 0.016000
16:34:06 : INFO | FPS: 62, deltatime: 0.016000
16:34:06 : INFO | FPS: 62, deltatime: 0.016000
16:34:06 : INFO | FPS: 62, deltatime: 0.016000
16:34:06 : INFO | FPS: 62, deltatime: 0.016000
16:34:06 : INFO | FPS: 62, deltatime: 0.016000
16:34:06 : INFO | FPS: 62, deltatime: 0.016000
16:34:06 : INFO | FPS: 62, deltatime: 0.016000
16:34:06 : INFO | FPS: 62, deltatime: 0.016000
16:34:06 : INFO | FPS: 62, deltatime: 0.016000
16:34:07 : INFO | FPS: 62, deltatime: 0.016000
16:34:07 : INFO | FPS: 62, deltatime: 0.016000
16:34:07 : INFO | FPS: 62, deltatime: 0.016000
16:34:07 : INFO | FPS: 62, deltatime: 0.016000
16:34:07 : INFO | FPS: 62, deltatime: 0.016000
16:34:07 : INFO | FPS: 62, deltatime: 0.016000
16:34:07 : INFO | FPS: 62, deltatime: 0.016000
16:34:07 : INFO | FPS: 62, deltatime: 0.016000
16:34:07 : INFO | FPS: 62, deltatime: 0.016000
16:34:07 : INFO | FPS: 62, deltatime: 0.016000
16:34:07 : INFO | FPS: 62, deltatime: 0.016000
16:34:07 : INFO | FPS: 62, deltatime: 0.016000
16:34:07 : INFO | FPS: 62, deltatime: 0.016000
16:34:07 : INFO | FPS: 62, deltatime: 0.016000
16:34:07 : INFO | FPS: 62, deltatime: 0.016000
16:34:07 : INFO | FPS: 62, deltatime: 0.016000
16:34:07 : INFO | FPS: 62, deltatime: 0.016000
16:34:07 : INFO | FPS: 62, deltatime: 0.016000
16:34:07 : INFO | FPS: 62, deltatime: 0.016000
16:34:07 : INFO | FPS: 62, deltatime: 0.016000
16:34:07 : INFO | FPS: 62, deltatime: 0.016000
16:34:07 : INFO | FPS: 62, deltatime: 0.016000
16:34:07 : INFO | FPS: 62, deltatime: 0.016000
16:34:07 : INFO | FPS: 62, deltatime: 0.016000
16:34:07 : INFO | FPS: 62, deltatime: 0.016000
16:34:07 : INFO | FPS: 62, deltatime: 0.016000
16:34:07 : INFO | FPS: 62, deltatime: 0.016000
16:34:07 : INFO | FPS: 62, deltatime: 0.016000
16:34:07 : INFO | FPS: 62, deltatime: 0.016000
16:34:07 : INFO | FPS: 62, deltatime: 0.016000
16:34:07 : INFO | FPS: 62, deltatime: 0.016000
16:34:07 : INFO | FPS: 62, deltatime: 0.016000
16:34:07 : INFO | FPS: 62, deltatime: 0.016000
16:34:07 : INFO | FPS: 62, deltatime: 0.016000
16:34:07 : INFO | FPS: 62, deltatime: 0.016000
16:34:07 : INFO | FPS: 62, deltatime: 0.016000
16:34:07 : INFO | FPS: 62, deltatime: 0.016000
16:34:07 : INFO | FPS: 62, deltatime: 0.016000
16:34:07 : INFO | FPS: 62, deltatime: 0.016000
16:34:07 : INFO | FPS: 62, deltatime: 0.016000
16:34:07 : INFO | FPS: 62, deltatime: 0.016000
16:34:07 : INFO | FPS: 62, deltatime: 0.016000
16:34:07 : INFO | FPS: 62, deltatime: 0.016000
16:34:07 : INFO | FPS: 62, deltatime: 0.016000
16:34:07 : INFO | FPS: 62, deltatime: 0.016000
16:34:07 : INFO | FPS: 62, deltatime: 0.016000
16:34:07 : INFO | FPS: 62, deltatime: 0.016000
16:34:07 : INFO | FPS: 62, deltatime: 0.016000
16:34:07 : INFO | FPS: 62, deltatime: 0.016000
16:34:07 : INFO | FPS: 62, deltatime: 0.016000
16:34:07 : INFO | FPS: 62, deltatime: 0.016000
16:34:07 : INFO | FPS: 62, deltatime: 0.016000
16:34:08 : INFO | FPS: 62, deltatime: 0.016000
16:34:08 : INFO | FPS: 62, deltatime: 0.016000
16:34:08 : INFO | FPS: 62, deltatime: 0.016000
16:34:08 : INFO | FPS: 62, deltatime: 0.016000
16:34:08 : INFO | FPS: 62, deltatime: 0.016000
16:34:08 : INFO | FPS: 62, deltatime: 0.016000
16:34:08 : INFO | FPS: 62, deltatime: 0.016000
16:34:08 : INFO | FPS: 62, deltatime: 0.016000
16:34:08 : INFO | FPS: 62, deltatime: 0.016000
16:34:08 : INFO | FPS: 62, deltatime: 0.016000
16:34:08 : INFO | FPS: 62, deltatime: 0.016000
16:34:08 : INFO | FPS: 62, deltatime: 0.016000
16:34:08 : INFO | FPS: 62, deltatime: 0.016000
16:34:08 : INFO | FPS: 62, deltatime: 0.016000
16:34:08 : INFO | FPS: 62, deltatime: 0.016000
16:34:08 : INFO | FPS: 62, deltatime: 0.016000
16:34:08 : INFO | FPS: 62, deltatime: 0.016000
16:34:08 : INFO | FPS: 62, deltatime: 0.016000
16:34:08 : INFO | FPS: 62, deltatime: 0.016000
16:34:08 : INFO | FPS: 62, deltatime: 0.016000
16:34:08 : INFO | FPS: 62, deltatime: 0.016000
16:34:08 : INFO | FPS: 62, deltatime: 0.016000
16:34:08 : INFO | FPS: 62, deltatime: 0.016000
16:34:08 : INFO | FPS: 62, deltatime: 0.016000
16:34:08 : INFO | FPS: 62, deltatime: 0.016000
16:34:08 : INFO | FPS: 62, deltatime: 0.016000
16:34:08 : INFO | FPS: 62, deltatime: 0.016000
16:34:08 : INFO | FPS: 62, deltatime: 0.016000
16:34:08 : INFO | FPS: 62, deltatime: 0.016000
16:34:08 : INFO | FPS: 62, deltatime: 0.016000
16:34:08 : INFO | FPS: 62, deltatime: 0.016000
16:34:08 : INFO | FPS: 62, deltatime: 0.016000
16:34:08 : INFO | FPS: 62, deltatime: 0.016000
16:34:08 : INFO | FPS: 62, deltatime: 0.016000
16:34:08 : INFO | FPS: 62, deltatime: 0.016000
16:34:08 : INFO | FPS: 62, deltatime: 0.016000
16:34:08 : INFO | FPS: 62, deltatime: 0.016000
16:34:08 : INFO | FPS: 62, deltatime: 0.016000
16:34:08 : INFO | FPS: 62, deltatime: 0.016000
16:34:08 : INFO | FPS: 62, deltatime: 0.016000
16:34:08 : INFO | FPS: 62, deltatime: 0.016000
16:34:08 : INFO | FPS: 62, deltatime: 0.016000
16:34:08 : INFO | FPS: 62, deltatime: 0.016000
16:34:08 : INFO | FPS: 62, deltatime: 0.016000
16:34:08 : INFO | FPS: 62, deltatime: 0.016000
16:34:08 : INFO | FPS: 62, deltatime: 0.016000
16:34:08 : INFO | FPS: 62, deltatime: 0.016000
